WARNING conda.gateways.disk.delete:unlink_or_rename_to_trash(143): Could not remove or rename /sw/arch/Debian10/EB_production/2021/software/Anaconda3/2021.05/pkgs/blas-1.0-mkl/info/recipe/parent/site.cfg.  Please remove this file manually (you may need to reboot to free file handles)
WARNING conda.gateways.disk.delete:unlink_or_rename_to_trash(143): Could not remove or rename /sw/arch/Debian10/EB_production/2021/software/Anaconda3/2021.05/pkgs/blas-1.0-mkl/info/recipe/parent/deuniversalize.py.  Please remove this file manually (you may need to reboot to free file handles)
WARNING conda.gateways.disk.delete:unlink_or_rename_to_trash(143): Could not remove or rename /sw/arch/Debian10/EB_production/2021/software/Anaconda3/2021.05/pkgs/blas-1.0-mkl/info/recipe/parent/conda_build_config.yaml.  Please remove this file manually (you may need to reboot to free file handles)
WARNING conda.gateways.disk.delete:unlink_or_rename_to_trash(143): Could not remove or rename /sw/arch/Debian10/EB_production/2021/software/Anaconda3/2021.05/pkgs/blas-1.0-mkl/info/recipe/parent/meta.yaml.  Please remove this file manually (you may need to reboot to free file handles)
WARNING conda.gateways.disk.delete:unlink_or_rename_to_trash(143): Could not remove or rename /sw/arch/Debian10/EB_production/2021/software/Anaconda3/2021.05/pkgs/blas-1.0-mkl/info/recipe/parent/install-devel.sh.  Please remove this file manually (you may need to reboot to free file handles)
WARNING conda.gateways.disk.delete:unlink_or_rename_to_trash(143): Could not remove or rename /sw/arch/Debian10/EB_production/2021/software/Anaconda3/2021.05/pkgs/blas-1.0-mkl/info/recipe/parent/repack.sh.  Please remove this file manually (you may need to reboot to free file handles)
WARNING conda.gateways.disk.delete:unlink_or_rename_to_trash(143): Could not remove or rename /sw/arch/Debian10/EB_production/2021/software/Anaconda3/2021.05/pkgs/blas-1.0-mkl/info/recipe/parent/mkl_repack_and_patchelf.sh.  Please remove this file manually (you may need to reboot to free file handles)
WARNING conda.gateways.disk.delete:unlink_or_rename_to_trash(143): Could not remove or rename /sw/arch/Debian10/EB_production/2021/software/Anaconda3/2021.05/pkgs/blas-1.0-mkl/info/recipe/meta.yaml.  Please remove this file manually (you may need to reboot to free file handles)
WARNING conda.gateways.disk.delete:unlink_or_rename_to_trash(143): Could not remove or rename /sw/arch/Debian10/EB_production/2021/software/Anaconda3/2021.05/pkgs/blas-1.0-mkl/info/recipe/conda_build_config.yaml.  Please remove this file manually (you may need to reboot to free file handles)
WARNING conda.gateways.disk.delete:unlink_or_rename_to_trash(143): Could not remove or rename /sw/arch/Debian10/EB_production/2021/software/Anaconda3/2021.05/pkgs/blas-1.0-mkl/info/hash_input.json.  Please remove this file manually (you may need to reboot to free file handles)
WARNING conda.gateways.disk.delete:unlink_or_rename_to_trash(143): Could not remove or rename /sw/arch/Debian10/EB_production/2021/software/Anaconda3/2021.05/pkgs/blas-1.0-mkl/info/paths.json.  Please remove this file manually (you may need to reboot to free file handles)
WARNING conda.gateways.disk.delete:unlink_or_rename_to_trash(143): Could not remove or rename /sw/arch/Debian10/EB_production/2021/software/Anaconda3/2021.05/pkgs/blas-1.0-mkl/info/index.json.  Please remove this file manually (you may need to reboot to free file handles)
WARNING conda.gateways.disk.delete:unlink_or_rename_to_trash(143): Could not remove or rename /sw/arch/Debian10/EB_production/2021/software/Anaconda3/2021.05/pkgs/blas-1.0-mkl/info/about.json.  Please remove this file manually (you may need to reboot to free file handles)
WARNING conda.gateways.disk.delete:unlink_or_rename_to_trash(143): Could not remove or rename /sw/arch/Debian10/EB_production/2021/software/Anaconda3/2021.05/pkgs/blas-1.0-mkl/info/git.  Please remove this file manually (you may need to reboot to free file handles)
WARNING conda.gateways.disk.delete:unlink_or_rename_to_trash(143): Could not remove or rename /sw/arch/Debian10/EB_production/2021/software/Anaconda3/2021.05/pkgs/blas-1.0-mkl/info/files.  Please remove this file manually (you may need to reboot to free file handles)
WARNING conda.gateways.disk.delete:unlink_or_rename_to_trash(143): Could not remove or rename /sw/arch/Debian10/EB_production/2021/software/Anaconda3/2021.05/pkgs/blas-1.0-mkl/info/repodata_record.json.  Please remove this file manually (you may need to reboot to free file handles)
WARNING conda.gateways.disk.delete:unlink_or_rename_to_trash(143): Could not remove or rename /sw/arch/Debian10/EB_production/2021/software/Anaconda3/2021.05/pkgs/conda-env-2.6.0-1/info/recipe/meta.yaml.  Please remove this file manually (you may need to reboot to free file handles)
WARNING conda.gateways.disk.delete:unlink_or_rename_to_trash(143): Could not remove or rename /sw/arch/Debian10/EB_production/2021/software/Anaconda3/2021.05/pkgs/conda-env-2.6.0-1/info/recipe/conda_build_config.yaml.  Please remove this file manually (you may need to reboot to free file handles)
WARNING conda.gateways.disk.delete:unlink_or_rename_to_trash(143): Could not remove or rename /sw/arch/Debian10/EB_production/2021/software/Anaconda3/2021.05/pkgs/conda-env-2.6.0-1/info/recipe/meta.yaml.template.  Please remove this file manually (you may need to reboot to free file handles)
WARNING conda.gateways.disk.delete:unlink_or_rename_to_trash(143): Could not remove or rename /sw/arch/Debian10/EB_production/2021/software/Anaconda3/2021.05/pkgs/conda-env-2.6.0-1/info/test/test_time_dependencies.json.  Please remove this file manually (you may need to reboot to free file handles)
WARNING conda.gateways.disk.delete:unlink_or_rename_to_trash(143): Could not remove or rename /sw/arch/Debian10/EB_production/2021/software/Anaconda3/2021.05/pkgs/conda-env-2.6.0-1/info/hash_input.json.  Please remove this file manually (you may need to reboot to free file handles)
WARNING conda.gateways.disk.delete:unlink_or_rename_to_trash(143): Could not remove or rename /sw/arch/Debian10/EB_production/2021/software/Anaconda3/2021.05/pkgs/conda-env-2.6.0-1/info/paths.json.  Please remove this file manually (you may need to reboot to free file handles)
WARNING conda.gateways.disk.delete:unlink_or_rename_to_trash(143): Could not remove or rename /sw/arch/Debian10/EB_production/2021/software/Anaconda3/2021.05/pkgs/conda-env-2.6.0-1/info/index.json.  Please remove this file manually (you may need to reboot to free file handles)
WARNING conda.gateways.disk.delete:unlink_or_rename_to_trash(143): Could not remove or rename /sw/arch/Debian10/EB_production/2021/software/Anaconda3/2021.05/pkgs/conda-env-2.6.0-1/info/about.json.  Please remove this file manually (you may need to reboot to free file handles)
WARNING conda.gateways.disk.delete:unlink_or_rename_to_trash(143): Could not remove or rename /sw/arch/Debian10/EB_production/2021/software/Anaconda3/2021.05/pkgs/conda-env-2.6.0-1/info/files.  Please remove this file manually (you may need to reboot to free file handles)
WARNING conda.gateways.disk.delete:unlink_or_rename_to_trash(143): Could not remove or rename /sw/arch/Debian10/EB_production/2021/software/Anaconda3/2021.05/pkgs/conda-env-2.6.0-1/info/git.  Please remove this file manually (you may need to reboot to free file handles)
WARNING conda.gateways.disk.delete:unlink_or_rename_to_trash(143): Could not remove or rename /sw/arch/Debian10/EB_production/2021/software/Anaconda3/2021.05/pkgs/conda-env-2.6.0-1/info/repodata_record.json.  Please remove this file manually (you may need to reboot to free file handles)
WARNING conda.gateways.disk.delete:unlink_or_rename_to_trash(143): Could not remove or rename /sw/arch/Debian10/EB_production/2021/software/Anaconda3/2021.05/pkgs/_libgcc_mutex-0.1-main/info/recipe/meta.yaml.template.  Please remove this file manually (you may need to reboot to free file handles)
WARNING conda.gateways.disk.delete:unlink_or_rename_to_trash(143): Could not remove or rename /sw/arch/Debian10/EB_production/2021/software/Anaconda3/2021.05/pkgs/_libgcc_mutex-0.1-main/info/recipe/recipe_log.txt.  Please remove this file manually (you may need to reboot to free file handles)
WARNING conda.gateways.disk.delete:unlink_or_rename_to_trash(143): Could not remove or rename /sw/arch/Debian10/EB_production/2021/software/Anaconda3/2021.05/pkgs/_libgcc_mutex-0.1-main/info/recipe/meta.yaml.  Please remove this file manually (you may need to reboot to free file handles)
WARNING conda.gateways.disk.delete:unlink_or_rename_to_trash(143): Could not remove or rename /sw/arch/Debian10/EB_production/2021/software/Anaconda3/2021.05/pkgs/_libgcc_mutex-0.1-main/info/recipe/conda_build_config.yaml.  Please remove this file manually (you may need to reboot to free file handles)
WARNING conda.gateways.disk.delete:unlink_or_rename_to_trash(143): Could not remove or rename /sw/arch/Debian10/EB_production/2021/software/Anaconda3/2021.05/pkgs/_libgcc_mutex-0.1-main/info/paths.json.  Please remove this file manually (you may need to reboot to free file handles)
WARNING conda.gateways.disk.delete:unlink_or_rename_to_trash(143): Could not remove or rename /sw/arch/Debian10/EB_production/2021/software/Anaconda3/2021.05/pkgs/_libgcc_mutex-0.1-main/info/hash_input.json.  Please remove this file manually (you may need to reboot to free file handles)
WARNING conda.gateways.disk.delete:unlink_or_rename_to_trash(143): Could not remove or rename /sw/arch/Debian10/EB_production/2021/software/Anaconda3/2021.05/pkgs/_libgcc_mutex-0.1-main/info/index.json.  Please remove this file manually (you may need to reboot to free file handles)
WARNING conda.gateways.disk.delete:unlink_or_rename_to_trash(143): Could not remove or rename /sw/arch/Debian10/EB_production/2021/software/Anaconda3/2021.05/pkgs/_libgcc_mutex-0.1-main/info/about.json.  Please remove this file manually (you may need to reboot to free file handles)
WARNING conda.gateways.disk.delete:unlink_or_rename_to_trash(143): Could not remove or rename /sw/arch/Debian10/EB_production/2021/software/Anaconda3/2021.05/pkgs/_libgcc_mutex-0.1-main/info/git.  Please remove this file manually (you may need to reboot to free file handles)
WARNING conda.gateways.disk.delete:unlink_or_rename_to_trash(143): Could not remove or rename /sw/arch/Debian10/EB_production/2021/software/Anaconda3/2021.05/pkgs/_libgcc_mutex-0.1-main/info/files.  Please remove this file manually (you may need to reboot to free file handles)
WARNING conda.gateways.disk.delete:unlink_or_rename_to_trash(143): Could not remove or rename /sw/arch/Debian10/EB_production/2021/software/Anaconda3/2021.05/pkgs/_libgcc_mutex-0.1-main/info/repodata_record.json.  Please remove this file manually (you may need to reboot to free file handles)
WARNING conda.gateways.disk.delete:unlink_or_rename_to_trash(143): Could not remove or rename /sw/arch/Debian10/EB_production/2021/software/Anaconda3/2021.05/pkgs/path.py-12.5.0-0/info/test/run_test.py.  Please remove this file manually (you may need to reboot to free file handles)
WARNING conda.gateways.disk.delete:unlink_or_rename_to_trash(143): Could not remove or rename /sw/arch/Debian10/EB_production/2021/software/Anaconda3/2021.05/pkgs/path.py-12.5.0-0/info/recipe/meta.yaml.template.  Please remove this file manually (you may need to reboot to free file handles)
WARNING conda.gateways.disk.delete:unlink_or_rename_to_trash(143): Could not remove or rename /sw/arch/Debian10/EB_production/2021/software/Anaconda3/2021.05/pkgs/path.py-12.5.0-0/info/recipe/conda_build_config.yaml.  Please remove this file manually (you may need to reboot to free file handles)
WARNING conda.gateways.disk.delete:unlink_or_rename_to_trash(143): Could not remove or rename /sw/arch/Debian10/EB_production/2021/software/Anaconda3/2021.05/pkgs/path.py-12.5.0-0/info/recipe/meta.yaml.  Please remove this file manually (you may need to reboot to free file handles)
WARNING conda.gateways.disk.delete:unlink_or_rename_to_trash(143): Could not remove or rename /sw/arch/Debian10/EB_production/2021/software/Anaconda3/2021.05/pkgs/path.py-12.5.0-0/info/licenses/LICENSE.  Please remove this file manually (you may need to reboot to free file handles)
WARNING conda.gateways.disk.delete:unlink_or_rename_to_trash(143): Could not remove or rename /sw/arch/Debian10/EB_production/2021/software/Anaconda3/2021.05/pkgs/path.py-12.5.0-0/info/hash_input.json.  Please remove this file manually (you may need to reboot to free file handles)
WARNING conda.gateways.disk.delete:unlink_or_rename_to_trash(143): Could not remove or rename /sw/arch/Debian10/EB_production/2021/software/Anaconda3/2021.05/pkgs/path.py-12.5.0-0/info/paths.json.  Please remove this file manually (you may need to reboot to free file handles)
WARNING conda.gateways.disk.delete:unlink_or_rename_to_trash(143): Could not remove or rename /sw/arch/Debian10/EB_production/2021/software/Anaconda3/2021.05/pkgs/path.py-12.5.0-0/info/link.json.  Please remove this file manually (you may need to reboot to free file handles)
WARNING conda.gateways.disk.delete:unlink_or_rename_to_trash(143): Could not remove or rename /sw/arch/Debian10/EB_production/2021/software/Anaconda3/2021.05/pkgs/path.py-12.5.0-0/info/index.json.  Please remove this file manually (you may need to reboot to free file handles)
WARNING conda.gateways.disk.delete:unlink_or_rename_to_trash(143): Could not remove or rename /sw/arch/Debian10/EB_production/2021/software/Anaconda3/2021.05/pkgs/path.py-12.5.0-0/info/about.json.  Please remove this file manually (you may need to reboot to free file handles)
WARNING conda.gateways.disk.delete:unlink_or_rename_to_trash(143): Could not remove or rename /sw/arch/Debian10/EB_production/2021/software/Anaconda3/2021.05/pkgs/path.py-12.5.0-0/info/files.  Please remove this file manually (you may need to reboot to free file handles)
WARNING conda.gateways.disk.delete:unlink_or_rename_to_trash(143): Could not remove or rename /sw/arch/Debian10/EB_production/2021/software/Anaconda3/2021.05/pkgs/path.py-12.5.0-0/info/git.  Please remove this file manually (you may need to reboot to free file handles)
WARNING conda.gateways.disk.delete:unlink_or_rename_to_trash(143): Could not remove or rename /sw/arch/Debian10/EB_production/2021/software/Anaconda3/2021.05/pkgs/path.py-12.5.0-0/info/repodata_record.json.  Please remove this file manually (you may need to reboot to free file handles)
WARNING conda.gateways.disk.delete:unlink_or_rename_to_trash(143): Could not remove or rename /sw/arch/Debian10/EB_production/2021/software/Anaconda3/2021.05/pkgs/matplotlib-3.3.4-py38h06a4308_0/info/recipe/parent/yum_requirements.txt.  Please remove this file manually (you may need to reboot to free file handles)
WARNING conda.gateways.disk.delete:unlink_or_rename_to_trash(143): Could not remove or rename /sw/arch/Debian10/EB_production/2021/software/Anaconda3/2021.05/pkgs/matplotlib-3.3.4-py38h06a4308_0/info/recipe/parent/recipe_log.txt.  Please remove this file manually (you may need to reboot to free file handles)
WARNING conda.gateways.disk.delete:unlink_or_rename_to_trash(143): Could not remove or rename /sw/arch/Debian10/EB_production/2021/software/Anaconda3/2021.05/pkgs/matplotlib-3.3.4-py38h06a4308_0/info/recipe/parent/conda_build_config.yaml.  Please remove this file manually (you may need to reboot to free file handles)
WARNING conda.gateways.disk.delete:unlink_or_rename_to_trash(143): Could not remove or rename /sw/arch/Debian10/EB_production/2021/software/Anaconda3/2021.05/pkgs/matplotlib-3.3.4-py38h06a4308_0/info/recipe/parent/meta.yaml.  Please remove this file manually (you may need to reboot to free file handles)
WARNING conda.gateways.disk.delete:unlink_or_rename_to_trash(143): Could not remove or rename /sw/arch/Debian10/EB_production/2021/software/Anaconda3/2021.05/pkgs/matplotlib-3.3.4-py38h06a4308_0/info/recipe/parent/install-data.bat.  Please remove this file manually (you may need to reboot to free file handles)
WARNING conda.gateways.disk.delete:unlink_or_rename_to_trash(143): Could not remove or rename /sw/arch/Debian10/EB_production/2021/software/Anaconda3/2021.05/pkgs/matplotlib-3.3.4-py38h06a4308_0/info/recipe/parent/build_base.bat.  Please remove this file manually (you may need to reboot to free file handles)
WARNING conda.gateways.disk.delete:unlink_or_rename_to_trash(143): Could not remove or rename /sw/arch/Debian10/EB_production/2021/software/Anaconda3/2021.05/pkgs/matplotlib-3.3.4-py38h06a4308_0/info/recipe/parent/fix_osx_1011_dep.patch.  Please remove this file manually (you may need to reboot to free file handles)
WARNING conda.gateways.disk.delete:unlink_or_rename_to_trash(143): Could not remove or rename /sw/arch/Debian10/EB_production/2021/software/Anaconda3/2021.05/pkgs/matplotlib-3.3.4-py38h06a4308_0/info/recipe/parent/install-data.sh.  Please remove this file manually (you may need to reboot to free file handles)
WARNING conda.gateways.disk.delete:unlink_or_rename_to_trash(143): Could not remove or rename /sw/arch/Debian10/EB_production/2021/software/Anaconda3/2021.05/pkgs/matplotlib-3.3.4-py38h06a4308_0/info/recipe/parent/build_base.sh.  Please remove this file manually (you may need to reboot to free file handles)
WARNING conda.gateways.disk.delete:unlink_or_rename_to_trash(143): Could not remove or rename /sw/arch/Debian10/EB_production/2021/software/Anaconda3/2021.05/pkgs/matplotlib-3.3.4-py38h06a4308_0/info/recipe/conda_build_config.yaml.  Please remove this file manually (you may need to reboot to free file handles)
WARNING conda.gateways.disk.delete:unlink_or_rename_to_trash(143): Could not remove or rename /sw/arch/Debian10/EB_production/2021/software/Anaconda3/2021.05/pkgs/matplotlib-3.3.4-py38h06a4308_0/info/recipe/meta.yaml.  Please remove this file manually (you may need to reboot to free file handles)
WARNING conda.gateways.disk.delete:unlink_or_rename_to_trash(143): Could not remove or rename /sw/arch/Debian10/EB_production/2021/software/Anaconda3/2021.05/pkgs/matplotlib-3.3.4-py38h06a4308_0/info/test/run_test.py.  Please remove this file manually (you may need to reboot to free file handles)
WARNING conda.gateways.disk.delete:unlink_or_rename_to_trash(143): Could not remove or rename /sw/arch/Debian10/EB_production/2021/software/Anaconda3/2021.05/pkgs/matplotlib-3.3.4-py38h06a4308_0/info/licenses/LICENSE/LICENSE.  Please remove this file manually (you may need to reboot to free file handles)
WARNING conda.gateways.disk.delete:unlink_or_rename_to_trash(143): Could not remove or rename /sw/arch/Debian10/EB_production/2021/software/Anaconda3/2021.05/pkgs/matplotlib-3.3.4-py38h06a4308_0/info/paths.json.  Please remove this file manually (you may need to reboot to free file handles)
WARNING conda.gateways.disk.delete:unlink_or_rename_to_trash(143): Could not remove or rename /sw/arch/Debian10/EB_production/2021/software/Anaconda3/2021.05/pkgs/matplotlib-3.3.4-py38h06a4308_0/info/hash_input.json.  Please remove this file manually (you may need to reboot to free file handles)
WARNING conda.gateways.disk.delete:unlink_or_rename_to_trash(143): Could not remove or rename /sw/arch/Debian10/EB_production/2021/software/Anaconda3/2021.05/pkgs/matplotlib-3.3.4-py38h06a4308_0/info/index.json.  Please remove this file manually (you may need to reboot to free file handles)
WARNING conda.gateways.disk.delete:unlink_or_rename_to_trash(143): Could not remove or rename /sw/arch/Debian10/EB_production/2021/software/Anaconda3/2021.05/pkgs/matplotlib-3.3.4-py38h06a4308_0/info/about.json.  Please remove this file manually (you may need to reboot to free file handles)
WARNING conda.gateways.disk.delete:unlink_or_rename_to_trash(143): Could not remove or rename /sw/arch/Debian10/EB_production/2021/software/Anaconda3/2021.05/pkgs/matplotlib-3.3.4-py38h06a4308_0/info/git.  Please remove this file manually (you may need to reboot to free file handles)
WARNING conda.gateways.disk.delete:unlink_or_rename_to_trash(143): Could not remove or rename /sw/arch/Debian10/EB_production/2021/software/Anaconda3/2021.05/pkgs/matplotlib-3.3.4-py38h06a4308_0/info/files.  Please remove this file manually (you may need to reboot to free file handles)
WARNING conda.gateways.disk.delete:unlink_or_rename_to_trash(143): Could not remove or rename /sw/arch/Debian10/EB_production/2021/software/Anaconda3/2021.05/pkgs/matplotlib-3.3.4-py38h06a4308_0/info/repodata_record.json.  Please remove this file manually (you may need to reboot to free file handles)
WARNING conda.gateways.disk.delete:unlink_or_rename_to_trash(143): Could not remove or rename /sw/arch/Debian10/EB_production/2021/software/Anaconda3/2021.05/pkgs/get_terminal_size-1.0.0-haa9412d_0/info/recipe/conda_build_config.yaml.  Please remove this file manually (you may need to reboot to free file handles)
WARNING conda.gateways.disk.delete:unlink_or_rename_to_trash(143): Could not remove or rename /sw/arch/Debian10/EB_production/2021/software/Anaconda3/2021.05/pkgs/get_terminal_size-1.0.0-haa9412d_0/info/recipe/meta.yaml.  Please remove this file manually (you may need to reboot to free file handles)
WARNING conda.gateways.disk.delete:unlink_or_rename_to_trash(143): Could not remove or rename /sw/arch/Debian10/EB_production/2021/software/Anaconda3/2021.05/pkgs/get_terminal_size-1.0.0-haa9412d_0/info/recipe/meta.yaml.template.  Please remove this file manually (you may need to reboot to free file handles)
WARNING conda.gateways.disk.delete:unlink_or_rename_to_trash(143): Could not remove or rename /sw/arch/Debian10/EB_production/2021/software/Anaconda3/2021.05/pkgs/get_terminal_size-1.0.0-haa9412d_0/info/test/run_test.py.  Please remove this file manually (you may need to reboot to free file handles)
WARNING conda.gateways.disk.delete:unlink_or_rename_to_trash(143): Could not remove or rename /sw/arch/Debian10/EB_production/2021/software/Anaconda3/2021.05/pkgs/get_terminal_size-1.0.0-haa9412d_0/info/test/test_time_dependencies.json.  Please remove this file manually (you may need to reboot to free file handles)
WARNING conda.gateways.disk.delete:unlink_or_rename_to_trash(143): Could not remove or rename /sw/arch/Debian10/EB_production/2021/software/Anaconda3/2021.05/pkgs/get_terminal_size-1.0.0-haa9412d_0/info/paths.json.  Please remove this file manually (you may need to reboot to free file handles)
WARNING conda.gateways.disk.delete:unlink_or_rename_to_trash(143): Could not remove or rename /sw/arch/Debian10/EB_production/2021/software/Anaconda3/2021.05/pkgs/get_terminal_size-1.0.0-haa9412d_0/info/index.json.  Please remove this file manually (you may need to reboot to free file handles)
WARNING conda.gateways.disk.delete:unlink_or_rename_to_trash(143): Could not remove or rename /sw/arch/Debian10/EB_production/2021/software/Anaconda3/2021.05/pkgs/get_terminal_size-1.0.0-haa9412d_0/info/hash_input.json.  Please remove this file manually (you may need to reboot to free file handles)
WARNING conda.gateways.disk.delete:unlink_or_rename_to_trash(143): Could not remove or rename /sw/arch/Debian10/EB_production/2021/software/Anaconda3/2021.05/pkgs/get_terminal_size-1.0.0-haa9412d_0/info/about.json.  Please remove this file manually (you may need to reboot to free file handles)
WARNING conda.gateways.disk.delete:unlink_or_rename_to_trash(143): Could not remove or rename /sw/arch/Debian10/EB_production/2021/software/Anaconda3/2021.05/pkgs/get_terminal_size-1.0.0-haa9412d_0/info/hash_input_files.  Please remove this file manually (you may need to reboot to free file handles)
WARNING conda.gateways.disk.delete:unlink_or_rename_to_trash(143): Could not remove or rename /sw/arch/Debian10/EB_production/2021/software/Anaconda3/2021.05/pkgs/get_terminal_size-1.0.0-haa9412d_0/info/files.  Please remove this file manually (you may need to reboot to free file handles)
WARNING conda.gateways.disk.delete:unlink_or_rename_to_trash(143): Could not remove or rename /sw/arch/Debian10/EB_production/2021/software/Anaconda3/2021.05/pkgs/get_terminal_size-1.0.0-haa9412d_0/info/git.  Please remove this file manually (you may need to reboot to free file handles)
WARNING conda.gateways.disk.delete:unlink_or_rename_to_trash(143): Could not remove or rename /sw/arch/Debian10/EB_production/2021/software/Anaconda3/2021.05/pkgs/get_terminal_size-1.0.0-haa9412d_0/info/repodata_record.json.  Please remove this file manually (you may need to reboot to free file handles)
WARNING conda.gateways.disk.delete:unlink_or_rename_to_trash(143): Could not remove or rename /sw/arch/Debian10/EB_production/2021/software/Anaconda3/2021.05/pkgs/importlib_metadata-3.10.0-hd3eb1b0_0/info/recipe/parent/build_base.sh.  Please remove this file manually (you may need to reboot to free file handles)
WARNING conda.gateways.disk.delete:unlink_or_rename_to_trash(143): Could not remove or rename /sw/arch/Debian10/EB_production/2021/software/Anaconda3/2021.05/pkgs/importlib_metadata-3.10.0-hd3eb1b0_0/info/recipe/parent/recipe_log.txt.  Please remove this file manually (you may need to reboot to free file handles)
WARNING conda.gateways.disk.delete:unlink_or_rename_to_trash(143): Could not remove or rename /sw/arch/Debian10/EB_production/2021/software/Anaconda3/2021.05/pkgs/importlib_metadata-3.10.0-hd3eb1b0_0/info/recipe/parent/meta.yaml.  Please remove this file manually (you may need to reboot to free file handles)
WARNING conda.gateways.disk.delete:unlink_or_rename_to_trash(143): Could not remove or rename /sw/arch/Debian10/EB_production/2021/software/Anaconda3/2021.05/pkgs/importlib_metadata-3.10.0-hd3eb1b0_0/info/recipe/parent/conda_build_config.yaml.  Please remove this file manually (you may need to reboot to free file handles)
WARNING conda.gateways.disk.delete:unlink_or_rename_to_trash(143): Could not remove or rename /sw/arch/Debian10/EB_production/2021/software/Anaconda3/2021.05/pkgs/importlib_metadata-3.10.0-hd3eb1b0_0/info/recipe/meta.yaml.  Please remove this file manually (you may need to reboot to free file handles)
WARNING conda.gateways.disk.delete:unlink_or_rename_to_trash(143): Could not remove or rename /sw/arch/Debian10/EB_production/2021/software/Anaconda3/2021.05/pkgs/importlib_metadata-3.10.0-hd3eb1b0_0/info/recipe/conda_build_config.yaml.  Please remove this file manually (you may need to reboot to free file handles)
WARNING conda.gateways.disk.delete:unlink_or_rename_to_trash(143): Could not remove or rename /sw/arch/Debian10/EB_production/2021/software/Anaconda3/2021.05/pkgs/importlib_metadata-3.10.0-hd3eb1b0_0/info/licenses/LICENSE.  Please remove this file manually (you may need to reboot to free file handles)
WARNING conda.gateways.disk.delete:unlink_or_rename_to_trash(143): Could not remove or rename /sw/arch/Debian10/EB_production/2021/software/Anaconda3/2021.05/pkgs/importlib_metadata-3.10.0-hd3eb1b0_0/info/hash_input.json.  Please remove this file manually (you may need to reboot to free file handles)
WARNING conda.gateways.disk.delete:unlink_or_rename_to_trash(143): Could not remove or rename /sw/arch/Debian10/EB_production/2021/software/Anaconda3/2021.05/pkgs/importlib_metadata-3.10.0-hd3eb1b0_0/info/paths.json.  Please remove this file manually (you may need to reboot to free file handles)
WARNING conda.gateways.disk.delete:unlink_or_rename_to_trash(143): Could not remove or rename /sw/arch/Debian10/EB_production/2021/software/Anaconda3/2021.05/pkgs/importlib_metadata-3.10.0-hd3eb1b0_0/info/link.json.  Please remove this file manually (you may need to reboot to free file handles)
WARNING conda.gateways.disk.delete:unlink_or_rename_to_trash(143): Could not remove or rename /sw/arch/Debian10/EB_production/2021/software/Anaconda3/2021.05/pkgs/importlib_metadata-3.10.0-hd3eb1b0_0/info/index.json.  Please remove this file manually (you may need to reboot to free file handles)
WARNING conda.gateways.disk.delete:unlink_or_rename_to_trash(143): Could not remove or rename /sw/arch/Debian10/EB_production/2021/software/Anaconda3/2021.05/pkgs/importlib_metadata-3.10.0-hd3eb1b0_0/info/about.json.  Please remove this file manually (you may need to reboot to free file handles)
WARNING conda.gateways.disk.delete:unlink_or_rename_to_trash(143): Could not remove or rename /sw/arch/Debian10/EB_production/2021/software/Anaconda3/2021.05/pkgs/importlib_metadata-3.10.0-hd3eb1b0_0/info/git.  Please remove this file manually (you may need to reboot to free file handles)
WARNING conda.gateways.disk.delete:unlink_or_rename_to_trash(143): Could not remove or rename /sw/arch/Debian10/EB_production/2021/software/Anaconda3/2021.05/pkgs/importlib_metadata-3.10.0-hd3eb1b0_0/info/files.  Please remove this file manually (you may need to reboot to free file handles)
WARNING conda.gateways.disk.delete:unlink_or_rename_to_trash(143): Could not remove or rename /sw/arch/Debian10/EB_production/2021/software/Anaconda3/2021.05/pkgs/importlib_metadata-3.10.0-hd3eb1b0_0/info/repodata_record.json.  Please remove this file manually (you may need to reboot to free file handles)
WARNING conda.gateways.disk.delete:unlink_or_rename_to_trash(143): Could not remove or rename /sw/arch/Debian10/EB_production/2021/software/Anaconda3/2021.05/pkgs/prompt_toolkit-3.0.17-hd3eb1b0_0/info/recipe/parent/recipe_log.txt.  Please remove this file manually (you may need to reboot to free file handles)
WARNING conda.gateways.disk.delete:unlink_or_rename_to_trash(143): Could not remove or rename /sw/arch/Debian10/EB_production/2021/software/Anaconda3/2021.05/pkgs/prompt_toolkit-3.0.17-hd3eb1b0_0/info/recipe/parent/build_base.bat.  Please remove this file manually (you may need to reboot to free file handles)
WARNING conda.gateways.disk.delete:unlink_or_rename_to_trash(143): Could not remove or rename /sw/arch/Debian10/EB_production/2021/software/Anaconda3/2021.05/pkgs/prompt_toolkit-3.0.17-hd3eb1b0_0/info/recipe/parent/build_base.sh.  Please remove this file manually (you may need to reboot to free file handles)
WARNING conda.gateways.disk.delete:unlink_or_rename_to_trash(143): Could not remove or rename /sw/arch/Debian10/EB_production/2021/software/Anaconda3/2021.05/pkgs/prompt_toolkit-3.0.17-hd3eb1b0_0/info/recipe/parent/conda_build_config.yaml.  Please remove this file manually (you may need to reboot to free file handles)
WARNING conda.gateways.disk.delete:unlink_or_rename_to_trash(143): Could not remove or rename /sw/arch/Debian10/EB_production/2021/software/Anaconda3/2021.05/pkgs/prompt_toolkit-3.0.17-hd3eb1b0_0/info/recipe/parent/meta.yaml.  Please remove this file manually (you may need to reboot to free file handles)
WARNING conda.gateways.disk.delete:unlink_or_rename_to_trash(143): Could not remove or rename /sw/arch/Debian10/EB_production/2021/software/Anaconda3/2021.05/pkgs/prompt_toolkit-3.0.17-hd3eb1b0_0/info/recipe/meta.yaml.  Please remove this file manually (you may need to reboot to free file handles)
WARNING conda.gateways.disk.delete:unlink_or_rename_to_trash(143): Could not remove or rename /sw/arch/Debian10/EB_production/2021/software/Anaconda3/2021.05/pkgs/prompt_toolkit-3.0.17-hd3eb1b0_0/info/recipe/conda_build_config.yaml.  Please remove this file manually (you may need to reboot to free file handles)
WARNING conda.gateways.disk.delete:unlink_or_rename_to_trash(143): Could not remove or rename /sw/arch/Debian10/EB_production/2021/software/Anaconda3/2021.05/pkgs/prompt_toolkit-3.0.17-hd3eb1b0_0/info/test/run_test.py.  Please remove this file manually (you may need to reboot to free file handles)
WARNING conda.gateways.disk.delete:unlink_or_rename_to_trash(143): Could not remove or rename /sw/arch/Debian10/EB_production/2021/software/Anaconda3/2021.05/pkgs/prompt_toolkit-3.0.17-hd3eb1b0_0/info/licenses/LICENSE.  Please remove this file manually (you may need to reboot to free file handles)
WARNING conda.gateways.disk.delete:unlink_or_rename_to_trash(143): Could not remove or rename /sw/arch/Debian10/EB_production/2021/software/Anaconda3/2021.05/pkgs/prompt_toolkit-3.0.17-hd3eb1b0_0/info/hash_input.json.  Please remove this file manually (you may need to reboot to free file handles)
WARNING conda.gateways.disk.delete:unlink_or_rename_to_trash(143): Could not remove or rename /sw/arch/Debian10/EB_production/2021/software/Anaconda3/2021.05/pkgs/prompt_toolkit-3.0.17-hd3eb1b0_0/info/paths.json.  Please remove this file manually (you may need to reboot to free file handles)
WARNING conda.gateways.disk.delete:unlink_or_rename_to_trash(143): Could not remove or rename /sw/arch/Debian10/EB_production/2021/software/Anaconda3/2021.05/pkgs/prompt_toolkit-3.0.17-hd3eb1b0_0/info/link.json.  Please remove this file manually (you may need to reboot to free file handles)
WARNING conda.gateways.disk.delete:unlink_or_rename_to_trash(143): Could not remove or rename /sw/arch/Debian10/EB_production/2021/software/Anaconda3/2021.05/pkgs/prompt_toolkit-3.0.17-hd3eb1b0_0/info/index.json.  Please remove this file manually (you may need to reboot to free file handles)
WARNING conda.gateways.disk.delete:unlink_or_rename_to_trash(143): Could not remove or rename /sw/arch/Debian10/EB_production/2021/software/Anaconda3/2021.05/pkgs/prompt_toolkit-3.0.17-hd3eb1b0_0/info/about.json.  Please remove this file manually (you may need to reboot to free file handles)
WARNING conda.gateways.disk.delete:unlink_or_rename_to_trash(143): Could not remove or rename /sw/arch/Debian10/EB_production/2021/software/Anaconda3/2021.05/pkgs/prompt_toolkit-3.0.17-hd3eb1b0_0/info/git.  Please remove this file manually (you may need to reboot to free file handles)
WARNING conda.gateways.disk.delete:unlink_or_rename_to_trash(143): Could not remove or rename /sw/arch/Debian10/EB_production/2021/software/Anaconda3/2021.05/pkgs/prompt_toolkit-3.0.17-hd3eb1b0_0/info/files.  Please remove this file manually (you may need to reboot to free file handles)
WARNING conda.gateways.disk.delete:unlink_or_rename_to_trash(143): Could not remove or rename /sw/arch/Debian10/EB_production/2021/software/Anaconda3/2021.05/pkgs/prompt_toolkit-3.0.17-hd3eb1b0_0/info/repodata_record.json.  Please remove this file manually (you may need to reboot to free file handles)
WARNING conda.gateways.disk.delete:unlink_or_rename_to_trash(143): Could not remove or rename /sw/arch/Debian10/EB_production/2021/software/Anaconda3/2021.05/pkgs/dask-2021.4.0-pyhd3eb1b0_0/info/test/run_test.py.  Please remove this file manually (you may need to reboot to free file handles)
WARNING conda.gateways.disk.delete:unlink_or_rename_to_trash(143): Could not remove or rename /sw/arch/Debian10/EB_production/2021/software/Anaconda3/2021.05/pkgs/dask-2021.4.0-pyhd3eb1b0_0/info/recipe/meta.yaml.template.  Please remove this file manually (you may need to reboot to free file handles)
WARNING conda.gateways.disk.delete:unlink_or_rename_to_trash(143): Could not remove or rename /sw/arch/Debian10/EB_production/2021/software/Anaconda3/2021.05/pkgs/dask-2021.4.0-pyhd3eb1b0_0/info/recipe/conda_build_config.yaml.  Please remove this file manually (you may need to reboot to free file handles)
WARNING conda.gateways.disk.delete:unlink_or_rename_to_trash(143): Could not remove or rename /sw/arch/Debian10/EB_production/2021/software/Anaconda3/2021.05/pkgs/dask-2021.4.0-pyhd3eb1b0_0/info/recipe/meta.yaml.  Please remove this file manually (you may need to reboot to free file handles)
WARNING conda.gateways.disk.delete:unlink_or_rename_to_trash(143): Could not remove or rename /sw/arch/Debian10/EB_production/2021/software/Anaconda3/2021.05/pkgs/dask-2021.4.0-pyhd3eb1b0_0/info/licenses/LICENSE.txt.  Please remove this file manually (you may need to reboot to free file handles)
WARNING conda.gateways.disk.delete:unlink_or_rename_to_trash(143): Could not remove or rename /sw/arch/Debian10/EB_production/2021/software/Anaconda3/2021.05/pkgs/dask-2021.4.0-pyhd3eb1b0_0/info/hash_input.json.  Please remove this file manually (you may need to reboot to free file handles)
WARNING conda.gateways.disk.delete:unlink_or_rename_to_trash(143): Could not remove or rename /sw/arch/Debian10/EB_production/2021/software/Anaconda3/2021.05/pkgs/dask-2021.4.0-pyhd3eb1b0_0/info/paths.json.  Please remove this file manually (you may need to reboot to free file handles)
WARNING conda.gateways.disk.delete:unlink_or_rename_to_trash(143): Could not remove or rename /sw/arch/Debian10/EB_production/2021/software/Anaconda3/2021.05/pkgs/dask-2021.4.0-pyhd3eb1b0_0/info/link.json.  Please remove this file manually (you may need to reboot to free file handles)
WARNING conda.gateways.disk.delete:unlink_or_rename_to_trash(143): Could not remove or rename /sw/arch/Debian10/EB_production/2021/software/Anaconda3/2021.05/pkgs/dask-2021.4.0-pyhd3eb1b0_0/info/index.json.  Please remove this file manually (you may need to reboot to free file handles)
WARNING conda.gateways.disk.delete:unlink_or_rename_to_trash(143): Could not remove or rename /sw/arch/Debian10/EB_production/2021/software/Anaconda3/2021.05/pkgs/dask-2021.4.0-pyhd3eb1b0_0/info/about.json.  Please remove this file manually (you may need to reboot to free file handles)
WARNING conda.gateways.disk.delete:unlink_or_rename_to_trash(143): Could not remove or rename /sw/arch/Debian10/EB_production/2021/software/Anaconda3/2021.05/pkgs/dask-2021.4.0-pyhd3eb1b0_0/info/git.  Please remove this file manually (you may need to reboot to free file handles)
WARNING conda.gateways.disk.delete:unlink_or_rename_to_trash(143): Could not remove or rename /sw/arch/Debian10/EB_production/2021/software/Anaconda3/2021.05/pkgs/dask-2021.4.0-pyhd3eb1b0_0/info/files.  Please remove this file manually (you may need to reboot to free file handles)
WARNING conda.gateways.disk.delete:unlink_or_rename_to_trash(143): Could not remove or rename /sw/arch/Debian10/EB_production/2021/software/Anaconda3/2021.05/pkgs/dask-2021.4.0-pyhd3eb1b0_0/info/repodata_record.json.  Please remove this file manually (you may need to reboot to free file handles)
WARNING conda.gateways.disk.delete:unlink_or_rename_to_trash(143): Could not remove or rename /sw/arch/Debian10/EB_production/2021/software/Anaconda3/2021.05/pkgs/numpy-1.20.1-py38h93e21f0_0/info/recipe/parent/patches/0004-disable-autorun-for-cmd-test.patch.  Please remove this file manually (you may need to reboot to free file handles)
WARNING conda.gateways.disk.delete:unlink_or_rename_to_trash(143): Could not remove or rename /sw/arch/Debian10/EB_production/2021/software/Anaconda3/2021.05/pkgs/numpy-1.20.1-py38h93e21f0_0/info/recipe/parent/patches/0002-intel_mkl-version.patch.  Please remove this file manually (you may need to reboot to free file handles)
WARNING conda.gateways.disk.delete:unlink_or_rename_to_trash(143): Could not remove or rename /sw/arch/Debian10/EB_production/2021/software/Anaconda3/2021.05/pkgs/numpy-1.20.1-py38h93e21f0_0/info/recipe/parent/patches/0006-popcnt_fix.patch.  Please remove this file manually (you may need to reboot to free file handles)
WARNING conda.gateways.disk.delete:unlink_or_rename_to_trash(143): Could not remove or rename /sw/arch/Debian10/EB_production/2021/software/Anaconda3/2021.05/pkgs/numpy-1.20.1-py38h93e21f0_0/info/recipe/parent/patches/0005-array_coercion_fix.patch.  Please remove this file manually (you may need to reboot to free file handles)
WARNING conda.gateways.disk.delete:unlink_or_rename_to_trash(143): Could not remove or rename /sw/arch/Debian10/EB_production/2021/software/Anaconda3/2021.05/pkgs/numpy-1.20.1-py38h93e21f0_0/info/recipe/parent/patches/0003-intel_init_mkl.patch.  Please remove this file manually (you may need to reboot to free file handles)
WARNING conda.gateways.disk.delete:unlink_or_rename_to_trash(143): Could not remove or rename /sw/arch/Debian10/EB_production/2021/software/Anaconda3/2021.05/pkgs/numpy-1.20.1-py38h93e21f0_0/info/recipe/parent/patches/0001-Obtain-and-prefer-custom-gfortran-from-env-variable.patch.  Please remove this file manually (you may need to reboot to free file handles)
WARNING conda.gateways.disk.delete:unlink_or_rename_to_trash(143): Could not remove or rename /sw/arch/Debian10/EB_production/2021/software/Anaconda3/2021.05/pkgs/numpy-1.20.1-py38h93e21f0_0/info/recipe/parent/recipe_log.txt.  Please remove this file manually (you may need to reboot to free file handles)
WARNING conda.gateways.disk.delete:unlink_or_rename_to_trash(143): Could not remove or rename /sw/arch/Debian10/EB_production/2021/software/Anaconda3/2021.05/pkgs/numpy-1.20.1-py38h93e21f0_0/info/recipe/parent/f2py.bat.  Please remove this file manually (you may need to reboot to free file handles)
WARNING conda.gateways.disk.delete:unlink_or_rename_to_trash(143): Could not remove or rename /sw/arch/Debian10/EB_production/2021/software/Anaconda3/2021.05/pkgs/numpy-1.20.1-py38h93e21f0_0/info/recipe/parent/install_base.bat.  Please remove this file manually (you may need to reboot to free file handles)
WARNING conda.gateways.disk.delete:unlink_or_rename_to_trash(143): Could not remove or rename /sw/arch/Debian10/EB_production/2021/software/Anaconda3/2021.05/pkgs/numpy-1.20.1-py38h93e21f0_0/info/recipe/parent/conda_build_config.yaml.  Please remove this file manually (you may need to reboot to free file handles)
WARNING conda.gateways.disk.delete:unlink_or_rename_to_trash(143): Could not remove or rename /sw/arch/Debian10/EB_production/2021/software/Anaconda3/2021.05/pkgs/numpy-1.20.1-py38h93e21f0_0/info/recipe/parent/meta.yaml.  Please remove this file manually (you may need to reboot to free file handles)
WARNING conda.gateways.disk.delete:unlink_or_rename_to_trash(143): Could not remove or rename /sw/arch/Debian10/EB_production/2021/software/Anaconda3/2021.05/pkgs/numpy-1.20.1-py38h93e21f0_0/info/recipe/parent/install_base.sh.  Please remove this file manually (you may need to reboot to free file handles)
WARNING conda.gateways.disk.delete:unlink_or_rename_to_trash(143): Could not remove or rename /sw/arch/Debian10/EB_production/2021/software/Anaconda3/2021.05/pkgs/numpy-1.20.1-py38h93e21f0_0/info/recipe/conda_build_config.yaml.  Please remove this file manually (you may need to reboot to free file handles)
WARNING conda.gateways.disk.delete:unlink_or_rename_to_trash(143): Could not remove or rename /sw/arch/Debian10/EB_production/2021/software/Anaconda3/2021.05/pkgs/numpy-1.20.1-py38h93e21f0_0/info/recipe/meta.yaml.  Please remove this file manually (you may need to reboot to free file handles)
WARNING conda.gateways.disk.delete:unlink_or_rename_to_trash(143): Could not remove or rename /sw/arch/Debian10/EB_production/2021/software/Anaconda3/2021.05/pkgs/numpy-1.20.1-py38h93e21f0_0/info/test/test_time_dependencies.json.  Please remove this file manually (you may need to reboot to free file handles)
WARNING conda.gateways.disk.delete:unlink_or_rename_to_trash(143): Could not remove or rename /sw/arch/Debian10/EB_production/2021/software/Anaconda3/2021.05/pkgs/numpy-1.20.1-py38h93e21f0_0/info/test/run_test.py.  Please remove this file manually (you may need to reboot to free file handles)
WARNING conda.gateways.disk.delete:unlink_or_rename_to_trash(143): Could not remove or rename /sw/arch/Debian10/EB_production/2021/software/Anaconda3/2021.05/pkgs/numpy-1.20.1-py38h93e21f0_0/info/test/run_test.sh.  Please remove this file manually (you may need to reboot to free file handles)
WARNING conda.gateways.disk.delete:unlink_or_rename_to_trash(143): Could not remove or rename /sw/arch/Debian10/EB_production/2021/software/Anaconda3/2021.05/pkgs/numpy-1.20.1-py38h93e21f0_0/info/licenses/LICENSE.txt.  Please remove this file manually (you may need to reboot to free file handles)
WARNING conda.gateways.disk.delete:unlink_or_rename_to_trash(143): Could not remove or rename /sw/arch/Debian10/EB_production/2021/software/Anaconda3/2021.05/pkgs/numpy-1.20.1-py38h93e21f0_0/info/paths.json.  Please remove this file manually (you may need to reboot to free file handles)
WARNING conda.gateways.disk.delete:unlink_or_rename_to_trash(143): Could not remove or rename /sw/arch/Debian10/EB_production/2021/software/Anaconda3/2021.05/pkgs/numpy-1.20.1-py38h93e21f0_0/info/hash_input.json.  Please remove this file manually (you may need to reboot to free file handles)
WARNING conda.gateways.disk.delete:unlink_or_rename_to_trash(143): Could not remove or rename /sw/arch/Debian10/EB_production/2021/software/Anaconda3/2021.05/pkgs/numpy-1.20.1-py38h93e21f0_0/info/index.json.  Please remove this file manually (you may need to reboot to free file handles)
WARNING conda.gateways.disk.delete:unlink_or_rename_to_trash(143): Could not remove or rename /sw/arch/Debian10/EB_production/2021/software/Anaconda3/2021.05/pkgs/numpy-1.20.1-py38h93e21f0_0/info/about.json.  Please remove this file manually (you may need to reboot to free file handles)
WARNING conda.gateways.disk.delete:unlink_or_rename_to_trash(143): Could not remove or rename /sw/arch/Debian10/EB_production/2021/software/Anaconda3/2021.05/pkgs/numpy-1.20.1-py38h93e21f0_0/info/git.  Please remove this file manually (you may need to reboot to free file handles)
WARNING conda.gateways.disk.delete:unlink_or_rename_to_trash(143): Could not remove or rename /sw/arch/Debian10/EB_production/2021/software/Anaconda3/2021.05/pkgs/numpy-1.20.1-py38h93e21f0_0/info/files.  Please remove this file manually (you may need to reboot to free file handles)
WARNING conda.gateways.disk.delete:unlink_or_rename_to_trash(143): Could not remove or rename /sw/arch/Debian10/EB_production/2021/software/Anaconda3/2021.05/pkgs/numpy-1.20.1-py38h93e21f0_0/info/repodata_record.json.  Please remove this file manually (you may need to reboot to free file handles)
WARNING conda.gateways.disk.delete:unlink_or_rename_to_trash(143): Could not remove or rename /sw/arch/Debian10/EB_production/2021/software/Anaconda3/2021.05/pkgs/anaconda-2021.05-py38_0/info/recipe/EULA.txt.  Please remove this file manually (you may need to reboot to free file handles)
WARNING conda.gateways.disk.delete:unlink_or_rename_to_trash(143): Could not remove or rename /sw/arch/Debian10/EB_production/2021/software/Anaconda3/2021.05/pkgs/anaconda-2021.05-py38_0/info/recipe/conda_build_config.yaml.  Please remove this file manually (you may need to reboot to free file handles)
WARNING conda.gateways.disk.delete:unlink_or_rename_to_trash(143): Could not remove or rename /sw/arch/Debian10/EB_production/2021/software/Anaconda3/2021.05/pkgs/anaconda-2021.05-py38_0/info/recipe/meta.yaml.  Please remove this file manually (you may need to reboot to free file handles)
WARNING conda.gateways.disk.delete:unlink_or_rename_to_trash(143): Could not remove or rename /sw/arch/Debian10/EB_production/2021/software/Anaconda3/2021.05/pkgs/anaconda-2021.05-py38_0/info/recipe/meta.yaml.template.  Please remove this file manually (you may need to reboot to free file handles)
WARNING conda.gateways.disk.delete:unlink_or_rename_to_trash(143): Could not remove or rename /sw/arch/Debian10/EB_production/2021/software/Anaconda3/2021.05/pkgs/anaconda-2021.05-py38_0/info/licenses/EULA.txt.  Please remove this file manually (you may need to reboot to free file handles)
WARNING conda.gateways.disk.delete:unlink_or_rename_to_trash(143): Could not remove or rename /sw/arch/Debian10/EB_production/2021/software/Anaconda3/2021.05/pkgs/anaconda-2021.05-py38_0/info/hash_input.json.  Please remove this file manually (you may need to reboot to free file handles)
WARNING conda.gateways.disk.delete:unlink_or_rename_to_trash(143): Could not remove or rename /sw/arch/Debian10/EB_production/2021/software/Anaconda3/2021.05/pkgs/anaconda-2021.05-py38_0/info/paths.json.  Please remove this file manually (you may need to reboot to free file handles)
WARNING conda.gateways.disk.delete:unlink_or_rename_to_trash(143): Could not remove or rename /sw/arch/Debian10/EB_production/2021/software/Anaconda3/2021.05/pkgs/anaconda-2021.05-py38_0/info/about.json.  Please remove this file manually (you may need to reboot to free file handles)
WARNING conda.gateways.disk.delete:unlink_or_rename_to_trash(143): Could not remove or rename /sw/arch/Debian10/EB_production/2021/software/Anaconda3/2021.05/pkgs/anaconda-2021.05-py38_0/info/requires.  Please remove this file manually (you may need to reboot to free file handles)
WARNING conda.gateways.disk.delete:unlink_or_rename_to_trash(143): Could not remove or rename /sw/arch/Debian10/EB_production/2021/software/Anaconda3/2021.05/pkgs/anaconda-2021.05-py38_0/info/index.json.  Please remove this file manually (you may need to reboot to free file handles)
WARNING conda.gateways.disk.delete:unlink_or_rename_to_trash(143): Could not remove or rename /sw/arch/Debian10/EB_production/2021/software/Anaconda3/2021.05/pkgs/anaconda-2021.05-py38_0/info/git.  Please remove this file manually (you may need to reboot to free file handles)
WARNING conda.gateways.disk.delete:unlink_or_rename_to_trash(143): Could not remove or rename /sw/arch/Debian10/EB_production/2021/software/Anaconda3/2021.05/pkgs/anaconda-2021.05-py38_0/info/files.  Please remove this file manually (you may need to reboot to free file handles)
WARNING conda.gateways.disk.delete:unlink_or_rename_to_trash(143): Could not remove or rename /sw/arch/Debian10/EB_production/2021/software/Anaconda3/2021.05/pkgs/anaconda-2021.05-py38_0/info/repodata_record.json.  Please remove this file manually (you may need to reboot to free file handles)
Cache location: 
There are no tarballs to remove
Cache location: /sw/arch/Debian10/EB_production/2021/software/Anaconda3/2021.05/pkgs
Will remove the following packages:
/sw/arch/Debian10/EB_production/2021/software/Anaconda3/2021.05/pkgs
--------------------------------------------------------------------

blas-1.0-mkl                                  15 KB
conda-env-2.6.0-1                              6 KB
_libgcc_mutex-0.1-main                         7 KB
path.py-12.5.0-0                               8 KB
matplotlib-3.3.4-py38h06a4308_0               92 KB
get_terminal_size-1.0.0-haa9412d_0             7 KB
importlib_metadata-3.10.0-hd3eb1b0_0          37 KB
prompt_toolkit-3.0.17-hd3eb1b0_0              39 KB
dask-2021.4.0-pyhd3eb1b0_0                    12 KB
numpy-1.20.1-py38h93e21f0_0                   70 KB
anaconda-2021.05-py38_0                       81 KB

---------------------------------------------------
Total:                                       373 KB

removing blas-1.0-mkl
removing conda-env-2.6.0-1
removing _libgcc_mutex-0.1-main
removing path.py-12.5.0-0
removing matplotlib-3.3.4-py38h06a4308_0
removing get_terminal_size-1.0.0-haa9412d_0
removing importlib_metadata-3.10.0-hd3eb1b0_0
removing prompt_toolkit-3.0.17-hd3eb1b0_0
removing dask-2021.4.0-pyhd3eb1b0_0
removing numpy-1.20.1-py38h93e21f0_0
removing anaconda-2021.05-py38_0

CondaValueError: prefix already exists: /home/lcur2420/.conda/envs/rs

Traceback (most recent call last):
  File "<string>", line 1, in <module>
ModuleNotFoundError: No module named 'torch'
/var/spool/slurm/slurmd/job11933787/slurm_script: line 24: gdown: command not found
unzip:  cannot find or open checkpoints.zip, checkpoints.zip.zip or checkpoints.zip.ZIP.
rm: cannot remove 'checkpoints.zip': No such file or directory
DeprecationWarning: 'source deactivate' is deprecated. Use 'conda deactivate'.
