/home/lcur2470/.conda/envs/rs/lib/python3.8/site-packages/torch/utils/data/dataloader.py:554: UserWarning: This DataLoader will create 4 worker processes in total. Our suggested max number of worker in current system is 3, which is smaller than what this DataLoader is going to create. Please be aware that excessive worker creation might get DataLoader running slow or even freeze, lower the worker number to avoid potential slowness/freeze if necessary.
  warnings.warn(_create_warning_msg(
args: Namespace(batch_size=400, cuda=True, data_path='./datasets/yelp_clean/', dataset='yelp_clean', gpu='1', log_name='log', mean_type='x0', noise_max=0.01, noise_min=0.001, noise_scale=0.005, noise_schedule='linear-var', sampling_noise=False, sampling_steps=0, steps=5, topN='[10, 20, 50, 100]', tst_w_val=False, w_max=1.0, w_min=0.5)
Starting time:  2023-06-09 23:02:38
user num: 54574
item num: 34395
data ready.
models ready.
[Valid]: 
Precision:
 0.0172
0.0147
0.0112
0.0087 
Recall:
 0.0454
0.0758
0.14
0.2122 
NDCG:
 0.0339
0.0439
0.0622
0.0795 
MRR:
 0.0551
0.0608
0.0652
0.0669
[Test]:  
Precision:
 0.0139
0.0115
0.0086
0.0065 
Recall:
 0.0601
0.0987
0.1775
0.2619 
NDCG:
 0.0377
0.0494
0.0688
0.0861 
MRR:
0.0463
0.0511
0.0552
0.0568
/home/lcur2470/.conda/envs/rs/lib/python3.8/site-packages/torch/utils/data/dataloader.py:554: UserWarning: This DataLoader will create 4 worker processes in total. Our suggested max number of worker in current system is 3, which is smaller than what this DataLoader is going to create. Please be aware that excessive worker creation might get DataLoader running slow or even freeze, lower the worker number to avoid potential slowness/freeze if necessary.
  warnings.warn(_create_warning_msg(
args: Namespace(batch_size=400, cuda=True, data_path='./datasets/amazon-book_clean/', dataset='amazon-book_clean', gpu='1', log_name='log', mean_type='x0', noise_max=0.005, noise_min=0.001, noise_scale=0.0005, noise_schedule='linear-var', sampling_noise=False, sampling_steps=0, steps=10, topN='[10, 20, 50, 100]', tst_w_val=False, w_max=1.0, w_min=0.1)
Starting time:  2023-06-09 23:03:22
user num: 108822
item num: 94949
data ready.
models ready.
[Valid]: 
Precision:
 0.0141
0.011
0.0075
0.0054 
Recall:
 0.0423
0.063
0.0999
0.1374 
NDCG:
 0.0306
0.0374
0.0479
0.0569 
MRR:
 0.0443
0.0479
0.0506
0.0517
[Test]:  
Precision:
 0.0182
0.0133
0.0084
0.0058 
Recall:
 0.0819
0.1139
0.1694
0.2217 
NDCG:
 0.0565
0.0661
0.08
0.0911 
MRR:
0.0665
0.0703
0.0732
0.0742
