args: Namespace(batch_size=400, cuda=True, data_path='./datasets/', dataset='yelp_noisy', dims='[1000]', emb_size=10, epochs=1000, gpu='1', log_name='log', lr=0.0001, mean_type='x0', noise_max=0.02, noise_min=0.0001, noise_scale=0.1, noise_schedule='linear-var', norm=False, reweight=True, round=1, sampling_noise=False, sampling_steps=0, save_path='./saved_models/', steps=100, time_type='cat', topN='[10, 20, 50, 100]', tst_w_val=False, w_max=1.0, w_min=0.1, weight_decay=0.0)
Starting time:  2023-06-10 15:38:53
user num: 54574
item num: 77405
data ready.
models ready.
Number of all parameters: 154898515
Start training...
/home/lcur2470/.conda/envs/rs/lib/python3.8/site-packages/torch/utils/data/dataloader.py:554: UserWarning: This DataLoader will create 4 worker processes in total. Our suggested max number of worker in current system is 3, which is smaller than what this DataLoader is going to create. Please be aware that excessive worker creation might get DataLoader running slow or even freeze, lower the worker number to avoid potential slowness/freeze if necessary.
  warnings.warn(_create_warning_msg(
Runing Epoch 001 train loss 14.2782 costs 00: 00: 18
------------------------------------------------------
Runing Epoch 002 train loss 13.2466 costs 00: 00: 18
------------------------------------------------------
Runing Epoch 003 train loss 12.8632 costs 00: 00: 17
------------------------------------------------------
Runing Epoch 004 train loss 12.5752 costs 00: 00: 18
------------------------------------------------------
[Valid]: 
Precision:
 0.011
0.0095
0.0074
0.006 
Recall:
 0.0293
0.0487
0.0906
0.1419 
NDCG:
 0.0213
0.0274
0.0391
0.0513 
MRR:
 0.0348
0.0388
0.0422
0.0436
[Test]:  
Precision:
 0.009
0.0075
0.0057
0.0045 
Recall:
 0.0377
0.0618
0.114
0.1768 
NDCG:
 0.0234
0.0308
0.0438
0.0567 
MRR:
0.0294
0.0327
0.0357
0.0371
Runing Epoch 005 train loss 12.4026 costs 00: 07: 45
------------------------------------------------------
Runing Epoch 006 train loss 12.1949 costs 00: 00: 17
------------------------------------------------------
Runing Epoch 007 train loss 11.9936 costs 00: 00: 18
------------------------------------------------------
Runing Epoch 008 train loss 11.8382 costs 00: 00: 18
------------------------------------------------------
Runing Epoch 009 train loss 11.6929 costs 00: 00: 16
------------------------------------------------------
[Valid]: 
Precision:
 0.0116
0.01
0.0078
0.0062 
Recall:
 0.0307
0.0518
0.0974
0.1494 
NDCG:
 0.022
0.0287
0.0413
0.0536 
MRR:
 0.0362
0.0404
0.0439
0.0454
[Test]:  
Precision:
 0.0097
0.0081
0.0061
0.0047 
Recall:
 0.0412
0.067
0.1239
0.1875 
NDCG:
 0.0256
0.0335
0.0476
0.0607 
MRR:
0.0316
0.0352
0.0384
0.0398
Runing Epoch 010 train loss 11.5807 costs 00: 07: 48
------------------------------------------------------
Runing Epoch 011 train loss 11.5149 costs 00: 00: 16
------------------------------------------------------
Runing Epoch 012 train loss 11.4424 costs 00: 00: 17
------------------------------------------------------
Runing Epoch 013 train loss 11.3395 costs 00: 00: 16
------------------------------------------------------
Runing Epoch 014 train loss 11.2941 costs 00: 00: 16
------------------------------------------------------
[Valid]: 
Precision:
 0.0113
0.0097
0.0076
0.006 
Recall:
 0.0298
0.0499
0.0944
0.1436 
NDCG:
 0.0215
0.0279
0.0402
0.0519 
MRR:
 0.035
0.0391
0.0425
0.0439
[Test]:  
Precision:
 0.0094
0.0079
0.006
0.0046 
Recall:
 0.0402
0.0661
0.1218
0.1823 
NDCG:
 0.0249
0.0328
0.0467
0.0592 
MRR:
0.0308
0.0343
0.0375
0.0388
Runing Epoch 015 train loss 11.2508 costs 00: 07: 44
------------------------------------------------------
Runing Epoch 016 train loss 11.2158 costs 00: 00: 16
------------------------------------------------------
Runing Epoch 017 train loss 11.1956 costs 00: 00: 18
------------------------------------------------------
Runing Epoch 018 train loss 11.1623 costs 00: 00: 17
------------------------------------------------------
Runing Epoch 019 train loss 11.1265 costs 00: 00: 16
------------------------------------------------------
[Valid]: 
Precision:
 0.0119
0.0101
0.008
0.0063 
Recall:
 0.032
0.0526
0.0991
0.1516 
NDCG:
 0.0231
0.0297
0.0425
0.055 
MRR:
 0.0376
0.0417
0.0453
0.0467
[Test]:  
Precision:
 0.01
0.0084
0.0063
0.0048 
Recall:
 0.0428
0.0703
0.1275
0.1919 
NDCG:
 0.0266
0.035
0.0492
0.0625 
MRR:
0.0329
0.0366
0.0398
0.0412
Runing Epoch 020 train loss 11.0879 costs 00: 07: 45
------------------------------------------------------
Runing Epoch 021 train loss 11.1141 costs 00: 00: 16
------------------------------------------------------
Runing Epoch 022 train loss 11.1315 costs 00: 00: 16
------------------------------------------------------
Runing Epoch 023 train loss 11.1134 costs 00: 00: 16
------------------------------------------------------
Runing Epoch 024 train loss 11.0454 costs 00: 00: 16
------------------------------------------------------
[Valid]: 
Precision:
 0.0117
0.01
0.0078
0.0062 
Recall:
 0.0308
0.0513
0.0969
0.148 
NDCG:
 0.0224
0.0288
0.0415
0.0536 
MRR:
 0.0364
0.0405
0.0441
0.0454
[Test]:  
Precision:
 0.0096
0.0081
0.0061
0.0047 
Recall:
 0.041
0.0676
0.1235
0.1856 
NDCG:
 0.0253
0.0335
0.0473
0.0602 
MRR:
0.0313
0.035
0.0381
0.0395
Runing Epoch 025 train loss 11.0437 costs 00: 07: 44
------------------------------------------------------
Runing Epoch 026 train loss 11.0298 costs 00: 00: 17
------------------------------------------------------
Runing Epoch 027 train loss 11.0236 costs 00: 00: 17
------------------------------------------------------
Runing Epoch 028 train loss 11.0214 costs 00: 00: 16
------------------------------------------------------
Runing Epoch 029 train loss 11.0131 costs 00: 00: 17
------------------------------------------------------
[Valid]: 
Precision:
 0.0118
0.0102
0.008
0.0064 
Recall:
 0.0321
0.0535
0.1002
0.1545 
NDCG:
 0.023
0.0298
0.0427
0.0556 
MRR:
 0.0371
0.0414
0.045
0.0465
[Test]:  
Precision:
 0.0098
0.0083
0.0063
0.0048 
Recall:
 0.0426
0.0701
0.1285
0.1936 
NDCG:
 0.026
0.0345
0.0489
0.0623 
MRR:
0.032
0.0357
0.039
0.0404
Runing Epoch 030 train loss 11.0309 costs 00: 07: 45
------------------------------------------------------
Runing Epoch 031 train loss 11.0152 costs 00: 00: 16
------------------------------------------------------
Runing Epoch 032 train loss 11.0171 costs 00: 00: 16
------------------------------------------------------
Runing Epoch 033 train loss 11.0267 costs 00: 00: 16
------------------------------------------------------
Runing Epoch 034 train loss 10.9886 costs 00: 00: 16
------------------------------------------------------
[Valid]: 
Precision:
 0.0112
0.0096
0.0076
0.0061 
Recall:
 0.0305
0.0502
0.0946
0.145 
NDCG:
 0.0218
0.028
0.0404
0.0524 
MRR:
 0.035
0.039
0.0425
0.0439
[Test]:  
Precision:
 0.0094
0.0079
0.006
0.0046 
Recall:
 0.0402
0.0653
0.1212
0.1822 
NDCG:
 0.0247
0.0325
0.0463
0.059 
MRR:
0.0305
0.034
0.0372
0.0385
Runing Epoch 035 train loss 10.9851 costs 00: 07: 46
------------------------------------------------------
Runing Epoch 036 train loss 10.9774 costs 00: 00: 17
------------------------------------------------------
Runing Epoch 037 train loss 10.9758 costs 00: 00: 18
------------------------------------------------------
Runing Epoch 038 train loss 10.9761 costs 00: 00: 16
------------------------------------------------------
Runing Epoch 039 train loss 11.0072 costs 00: 00: 17
------------------------------------------------------
[Valid]: 
Precision:
 0.0104
0.0087
0.0065
0.005 
Recall:
 0.0266
0.0439
0.0769
0.1131 
NDCG:
 0.0198
0.0251
0.0346
0.0434 
MRR:
 0.033
0.0365
0.0392
0.0403
[Test]:  
Precision:
 0.0087
0.0071
0.0052
0.0038 
Recall:
 0.0364
0.0571
0.101
0.1454 
NDCG:
 0.0228
0.0292
0.0402
0.0496 
MRR:
0.0286
0.0316
0.0341
0.0352
Runing Epoch 040 train loss 10.9717 costs 00: 07: 44
------------------------------------------------------
Runing Epoch 041 train loss 10.9965 costs 00: 00: 16
------------------------------------------------------
Runing Epoch 042 train loss 10.9989 costs 00: 00: 16
------------------------------------------------------
Runing Epoch 043 train loss 10.9781 costs 00: 00: 17
------------------------------------------------------
Runing Epoch 044 train loss 10.9798 costs 00: 00: 17
------------------------------------------------------
[Valid]: 
Precision:
 0.0117
0.0101
0.008
0.0064 
Recall:
 0.0316
0.0535
0.1007
0.1549 
NDCG:
 0.0229
0.0298
0.0428
0.0557 
MRR:
 0.037
0.0413
0.0449
0.0464
[Test]:  
Precision:
 0.0096
0.0082
0.0062
0.0049 
Recall:
 0.0414
0.0689
0.1277
0.1948 
NDCG:
 0.0257
0.0341
0.0486
0.0624 
MRR:
0.0317
0.0355
0.0387
0.0402
Runing Epoch 045 train loss 10.9527 costs 00: 07: 45
------------------------------------------------------
Runing Epoch 046 train loss 10.9953 costs 00: 00: 18
------------------------------------------------------
Runing Epoch 047 train loss 10.9667 costs 00: 00: 16
------------------------------------------------------
Runing Epoch 048 train loss 10.9638 costs 00: 00: 16
------------------------------------------------------
Runing Epoch 049 train loss 10.9914 costs 00: 00: 16
------------------------------------------------------
------------------
Exiting from training early
======================================================
End. Best Epoch 030 
[Valid]: 
Precision:
 0.0118
0.0102
0.008
0.0064 
Recall:
 0.0321
0.0535
0.1002
0.1545 
NDCG:
 0.023
0.0298
0.0427
0.0556 
MRR:
 0.0371
0.0414
0.045
0.0465
[Test]:  
Precision:
 0.0098
0.0083
0.0063
0.0048 
Recall:
 0.0426
0.0701
0.1285
0.1936 
NDCG:
 0.026
0.0345
0.0489
0.0623 
MRR:
0.032
0.0357
0.039
0.0404
End time:  2023-06-10 17:00:26
args: Namespace(batch_size=400, cuda=True, data_path='./datasets/', dataset='ml-1m_clean', dims='[1000]', emb_size=10, epochs=1000, gpu='1', log_name='log', lr=0.0001, mean_type='x0', noise_max=0.02, noise_min=0.0001, noise_scale=0.1, noise_schedule='linear-var', norm=False, reweight=True, round=1, sampling_noise=False, sampling_steps=0, save_path='./saved_models/', steps=100, time_type='cat', topN='[10, 20, 50, 100]', tst_w_val=False, w_max=1.0, w_min=0.1, weight_decay=0.0)
Starting time:  2023-06-10 17:00:29
user num: 5949
item num: 2810
data ready.
models ready.
Number of all parameters: 5633920
Start training...
/home/lcur2470/.conda/envs/rs/lib/python3.8/site-packages/torch/utils/data/dataloader.py:554: UserWarning: This DataLoader will create 4 worker processes in total. Our suggested max number of worker in current system is 3, which is smaller than what this DataLoader is going to create. Please be aware that excessive worker creation might get DataLoader running slow or even freeze, lower the worker number to avoid potential slowness/freeze if necessary.
  warnings.warn(_create_warning_msg(
Runing Epoch 001 train loss 274.9446 costs 00: 00: 01
------------------------------------------------------
Runing Epoch 002 train loss 290.6891 costs 00: 00: 00
------------------------------------------------------
Runing Epoch 003 train loss 270.3965 costs 00: 00: 00
------------------------------------------------------
Runing Epoch 004 train loss 252.5692 costs 00: 00: 00
------------------------------------------------------
[Valid]: 
Precision:
 0.0617
0.0561
0.046
0.0381 
Recall:
 0.042
0.0762
0.1489
0.2337 
NDCG:
 0.0682
0.0755
0.0988
0.1298 
MRR:
 0.139
0.1488
0.1545
0.156
[Test]:  
Precision:
 0.0443
0.04
0.0309
0.0246 
Recall:
 0.0553
0.0987
0.1814
0.2746 
NDCG:
 0.0583
0.0718
0.0998
0.1294 
MRR:
0.1109
0.1199
0.1256
0.1274
Runing Epoch 005 train loss 237.8414 costs 00: 00: 05
------------------------------------------------------
Runing Epoch 006 train loss 225.2428 costs 00: 00: 00
------------------------------------------------------
Runing Epoch 007 train loss 213.3298 costs 00: 00: 00
------------------------------------------------------
Runing Epoch 008 train loss 204.5001 costs 00: 00: 00
------------------------------------------------------
Runing Epoch 009 train loss 195.2296 costs 00: 00: 00
------------------------------------------------------
[Valid]: 
Precision:
 0.0651
0.0592
0.0492
0.0409 
Recall:
 0.0472
0.0836
0.1606
0.2498 
NDCG:
 0.074
0.082
0.1072
0.1404 
MRR:
 0.1523
0.1625
0.1683
0.1698
[Test]:  
Precision:
 0.0489
0.0439
0.0347
0.0275 
Recall:
 0.0616
0.1098
0.205
0.312 
NDCG:
 0.0634
0.0785
0.1108
0.1444 
MRR:
0.1179
0.1274
0.1332
0.135
Runing Epoch 010 train loss 185.7630 costs 00: 00: 05
------------------------------------------------------
Runing Epoch 011 train loss 178.1502 costs 00: 00: 00
------------------------------------------------------
Runing Epoch 012 train loss 170.7249 costs 00: 00: 00
------------------------------------------------------
Runing Epoch 013 train loss 164.6744 costs 00: 00: 00
------------------------------------------------------
Runing Epoch 014 train loss 159.0864 costs 00: 00: 00
------------------------------------------------------
[Valid]: 
Precision:
 0.0678
0.0617
0.0516
0.0436 
Recall:
 0.0518
0.0896
0.175
0.2786 
NDCG:
 0.0785
0.0872
0.1156
0.1535 
MRR:
 0.1611
0.1717
0.1775
0.1791
[Test]:  
Precision:
 0.0529
0.0476
0.0382
0.0307 
Recall:
 0.0688
0.1221
0.2326
0.3602 
NDCG:
 0.0713
0.0885
0.1262
0.1657 
MRR:
0.1316
0.1416
0.1482
0.1501
Runing Epoch 015 train loss 152.4455 costs 00: 00: 05
------------------------------------------------------
Runing Epoch 016 train loss 148.3484 costs 00: 00: 00
------------------------------------------------------
Runing Epoch 017 train loss 143.8573 costs 00: 00: 00
------------------------------------------------------
Runing Epoch 018 train loss 140.5118 costs 00: 00: 00
------------------------------------------------------
Runing Epoch 019 train loss 137.3094 costs 00: 00: 00
------------------------------------------------------
[Valid]: 
Precision:
 0.0673
0.0619
0.0527
0.0452 
Recall:
 0.0526
0.0927
0.1842
0.301 
NDCG:
 0.0795
0.0897
0.1207
0.1626 
MRR:
 0.1639
0.175
0.1813
0.183
[Test]:  
Precision:
 0.0558
0.0505
0.0408
0.0329 
Recall:
 0.0746
0.1324
0.2561
0.3995 
NDCG:
 0.0768
0.0959
0.1378
0.1815 
MRR:
0.1411
0.1522
0.159
0.1608
Runing Epoch 020 train loss 132.8596 costs 00: 00: 05
------------------------------------------------------
Runing Epoch 021 train loss 129.0615 costs 00: 00: 00
------------------------------------------------------
Runing Epoch 022 train loss 126.9000 costs 00: 00: 00
------------------------------------------------------
Runing Epoch 023 train loss 123.2540 costs 00: 00: 00
------------------------------------------------------
Runing Epoch 024 train loss 121.0156 costs 00: 00: 00
------------------------------------------------------
[Valid]: 
Precision:
 0.0685
0.0626
0.0535
0.046 
Recall:
 0.0544
0.0947
0.1918
0.3126 
NDCG:
 0.0804
0.0905
0.1233
0.1665 
MRR:
 0.1625
0.1734
0.18
0.1816
[Test]:  
Precision:
 0.0588
0.0517
0.0425
0.0341 
Recall:
 0.0817
0.1383
0.2716
0.4193 
NDCG:
 0.0808
0.0993
0.1447
0.1896 
MRR:
0.144
0.1547
0.1617
0.1635
Runing Epoch 025 train loss 117.5916 costs 00: 00: 06
------------------------------------------------------
Runing Epoch 026 train loss 115.8519 costs 00: 00: 00
------------------------------------------------------
Runing Epoch 027 train loss 113.4217 costs 00: 00: 00
------------------------------------------------------
Runing Epoch 028 train loss 113.1887 costs 00: 00: 00
------------------------------------------------------
Runing Epoch 029 train loss 110.7386 costs 00: 00: 00
------------------------------------------------------
[Valid]: 
Precision:
 0.0685
0.0629
0.0539
0.0463 
Recall:
 0.056
0.0981
0.1982
0.3203 
NDCG:
 0.0816
0.0926
0.1263
0.1699 
MRR:
 0.1641
0.1751
0.1819
0.1835
[Test]:  
Precision:
 0.0585
0.0532
0.0437
0.0348 
Recall:
 0.0844
0.1465
0.2858
0.429 
NDCG:
 0.0827
0.1039
0.151
0.1954 
MRR:
0.1477
0.1593
0.1664
0.168
Runing Epoch 030 train loss 108.2033 costs 00: 00: 05
------------------------------------------------------
Runing Epoch 031 train loss 107.2055 costs 00: 00: 00
------------------------------------------------------
Runing Epoch 032 train loss 104.8377 costs 00: 00: 00
------------------------------------------------------
Runing Epoch 033 train loss 103.0594 costs 00: 00: 00
------------------------------------------------------
Runing Epoch 034 train loss 102.1433 costs 00: 00: 00
------------------------------------------------------
[Valid]: 
Precision:
 0.066
0.0613
0.0532
0.0457 
Recall:
 0.0558
0.0996
0.2
0.3187 
NDCG:
 0.0774
0.0901
0.1248
0.1677 
MRR:
 0.1537
0.1654
0.1721
0.1737
[Test]:  
Precision:
 0.059
0.0528
0.0436
0.0348 
Recall:
 0.0887
0.151
0.2888
0.4351 
NDCG:
 0.0841
0.1055
0.1527
0.1975 
MRR:
0.1484
0.1592
0.1663
0.1679
Runing Epoch 035 train loss 100.6886 costs 00: 00: 05
------------------------------------------------------
Runing Epoch 036 train loss 99.7893 costs 00: 00: 00
------------------------------------------------------
Runing Epoch 037 train loss 98.6426 costs 00: 00: 00
------------------------------------------------------
Runing Epoch 038 train loss 96.3111 costs 00: 00: 00
------------------------------------------------------
Runing Epoch 039 train loss 96.9675 costs 00: 00: 00
------------------------------------------------------
[Valid]: 
Precision:
 0.0677
0.0623
0.0539
0.0464 
Recall:
 0.0579
0.1017
0.2058
0.3299 
NDCG:
 0.0809
0.0929
0.1283
0.1726 
MRR:
 0.161
0.1724
0.1793
0.181
[Test]:  
Precision:
 0.0602
0.0546
0.0446
0.0352 
Recall:
 0.0911
0.1579
0.302
0.4453 
NDCG:
 0.0862
0.1091
0.1578
0.2022 
MRR:
0.1515
0.1636
0.1705
0.172
Runing Epoch 040 train loss 95.7777 costs 00: 00: 05
------------------------------------------------------
Runing Epoch 041 train loss 94.3554 costs 00: 00: 00
------------------------------------------------------
Runing Epoch 042 train loss 93.6330 costs 00: 00: 00
------------------------------------------------------
Runing Epoch 043 train loss 92.3908 costs 00: 00: 00
------------------------------------------------------
Runing Epoch 044 train loss 91.2469 costs 00: 00: 00
------------------------------------------------------
[Valid]: 
Precision:
 0.0665
0.0623
0.0544
0.0468 
Recall:
 0.0571
0.1011
0.2063
0.3327 
NDCG:
 0.0795
0.0924
0.1287
0.1735 
MRR:
 0.1584
0.1704
0.1774
0.179
[Test]:  
Precision:
 0.0609
0.0551
0.0451
0.0355 
Recall:
 0.0922
0.1591
0.3029
0.4486 
NDCG:
 0.0881
0.111
0.1601
0.2049 
MRR:
0.1543
0.1661
0.1732
0.1747
Runing Epoch 045 train loss 89.8444 costs 00: 00: 05
------------------------------------------------------
Runing Epoch 046 train loss 89.6794 costs 00: 00: 00
------------------------------------------------------
Runing Epoch 047 train loss 88.8755 costs 00: 00: 00
------------------------------------------------------
Runing Epoch 048 train loss 88.2646 costs 00: 00: 00
------------------------------------------------------
Runing Epoch 049 train loss 87.4174 costs 00: 00: 00
------------------------------------------------------
[Valid]: 
Precision:
 0.0673
0.0623
0.0543
0.0469 
Recall:
 0.0596
0.1045
0.2126
0.3406 
NDCG:
 0.0805
0.0936
0.1307
0.1762 
MRR:
 0.1595
0.1711
0.1782
0.1798
[Test]:  
Precision:
 0.0608
0.0553
0.0453
0.0361 
Recall:
 0.0955
0.1651
0.3147
0.4646 
NDCG:
 0.0878
0.1119
0.1624
0.2087 
MRR:
0.1512
0.1637
0.1708
0.1723
Runing Epoch 050 train loss 86.7854 costs 00: 00: 05
------------------------------------------------------
Runing Epoch 051 train loss 86.7830 costs 00: 00: 00
------------------------------------------------------
Runing Epoch 052 train loss 85.9149 costs 00: 00: 00
------------------------------------------------------
Runing Epoch 053 train loss 84.9741 costs 00: 00: 00
------------------------------------------------------
Runing Epoch 054 train loss 84.2567 costs 00: 00: 00
------------------------------------------------------
[Valid]: 
Precision:
 0.0669
0.0616
0.0539
0.0463 
Recall:
 0.0607
0.1048
0.2095
0.3347 
NDCG:
 0.0809
0.0936
0.1298
0.1742 
MRR:
 0.159
0.1705
0.1775
0.1791
[Test]:  
Precision:
 0.0612
0.0551
0.0449
0.0357 
Recall:
 0.0987
0.1669
0.3096
0.4591 
NDCG:
 0.0901
0.1138
0.1627
0.2087 
MRR:
0.1528
0.1647
0.1721
0.1736
Runing Epoch 055 train loss 83.9127 costs 00: 00: 05
------------------------------------------------------
Runing Epoch 056 train loss 82.9665 costs 00: 00: 00
------------------------------------------------------
Runing Epoch 057 train loss 82.7532 costs 00: 00: 00
------------------------------------------------------
Runing Epoch 058 train loss 82.4842 costs 00: 00: 00
------------------------------------------------------
Runing Epoch 059 train loss 81.8856 costs 00: 00: 00
------------------------------------------------------
[Valid]: 
Precision:
 0.0664
0.0614
0.0539
0.0464 
Recall:
 0.06
0.1055
0.2102
0.3357 
NDCG:
 0.0804
0.0936
0.13
0.1745 
MRR:
 0.1588
0.1708
0.1778
0.1794
[Test]:  
Precision:
 0.0616
0.0558
0.045
0.0358 
Recall:
 0.0977
0.1676
0.3102
0.4609 
NDCG:
 0.0904
0.1146
0.1632
0.2095 
MRR:
0.1557
0.1679
0.1747
0.1763
Runing Epoch 060 train loss 81.2425 costs 00: 00: 05
------------------------------------------------------
Runing Epoch 061 train loss 80.7298 costs 00: 00: 00
------------------------------------------------------
Runing Epoch 062 train loss 80.7298 costs 00: 00: 00
------------------------------------------------------
Runing Epoch 063 train loss 79.7010 costs 00: 00: 00
------------------------------------------------------
Runing Epoch 064 train loss 78.6970 costs 00: 00: 00
------------------------------------------------------
[Valid]: 
Precision:
 0.0666
0.062
0.0541
0.0462 
Recall:
 0.0604
0.1058
0.2143
0.335 
NDCG:
 0.0804
0.094
0.1313
0.1746 
MRR:
 0.1585
0.1704
0.1774
0.1789
[Test]:  
Precision:
 0.061
0.0556
0.0459
0.0359 
Recall:
 0.0976
0.1673
0.3196
0.4642 
NDCG:
 0.0892
0.1135
0.1653
0.21 
MRR:
0.1527
0.1648
0.1722
0.1737
Runing Epoch 065 train loss 78.7251 costs 00: 00: 05
------------------------------------------------------
Runing Epoch 066 train loss 78.5058 costs 00: 00: 00
------------------------------------------------------
Runing Epoch 067 train loss 77.9299 costs 00: 00: 00
------------------------------------------------------
Runing Epoch 068 train loss 77.6724 costs 00: 00: 00
------------------------------------------------------
Runing Epoch 069 train loss 76.9840 costs 00: 00: 00
------------------------------------------------------
[Valid]: 
Precision:
 0.067
0.0623
0.0539
0.0463 
Recall:
 0.0594
0.1049
0.2102
0.3356 
NDCG:
 0.0817
0.0949
0.131
0.1756 
MRR:
 0.1639
0.1757
0.1828
0.1844
[Test]:  
Precision:
 0.0616
0.0556
0.0456
0.036 
Recall:
 0.0965
0.167
0.3164
0.464 
NDCG:
 0.0891
0.1133
0.164
0.2097 
MRR:
0.1533
0.1655
0.1729
0.1744
Runing Epoch 070 train loss 77.2811 costs 00: 00: 05
------------------------------------------------------
Runing Epoch 071 train loss 76.9712 costs 00: 00: 00
------------------------------------------------------
Runing Epoch 072 train loss 76.3517 costs 00: 00: 00
------------------------------------------------------
Runing Epoch 073 train loss 75.8641 costs 00: 00: 00
------------------------------------------------------
Runing Epoch 074 train loss 74.9709 costs 00: 00: 00
------------------------------------------------------
[Valid]: 
Precision:
 0.0667
0.0623
0.0538
0.0464 
Recall:
 0.0609
0.107
0.2132
0.3392 
NDCG:
 0.0805
0.0945
0.131
0.1758 
MRR:
 0.158
0.1701
0.1771
0.1787
[Test]:  
Precision:
 0.0617
0.0553
0.0456
0.0363 
Recall:
 0.0995
0.1695
0.319
0.4724 
NDCG:
 0.0895
0.1136
0.1647
0.2117 
MRR:
0.1497
0.1619
0.1692
0.1708
Runing Epoch 075 train loss 74.7328 costs 00: 00: 05
------------------------------------------------------
Runing Epoch 076 train loss 74.8796 costs 00: 00: 00
------------------------------------------------------
Runing Epoch 077 train loss 74.3612 costs 00: 00: 00
------------------------------------------------------
Runing Epoch 078 train loss 74.1904 costs 00: 00: 00
------------------------------------------------------
Runing Epoch 079 train loss 73.9107 costs 00: 00: 00
------------------------------------------------------
[Valid]: 
Precision:
 0.0654
0.0618
0.0541
0.0467 
Recall:
 0.0611
0.1093
0.2216
0.3475 
NDCG:
 0.0804
0.0953
0.134
0.1792 
MRR:
 0.1599
0.1724
0.1796
0.1811
[Test]:  
Precision:
 0.0632
0.0566
0.0459
0.0364 
Recall:
 0.1041
0.1771
0.3278
0.4804 
NDCG:
 0.0932
0.1186
0.1696
0.2166 
MRR:
0.1552
0.1672
0.1744
0.176
Runing Epoch 080 train loss 72.7988 costs 00: 00: 05
------------------------------------------------------
Runing Epoch 081 train loss 73.3175 costs 00: 00: 00
------------------------------------------------------
Runing Epoch 082 train loss 72.9219 costs 00: 00: 00
------------------------------------------------------
Runing Epoch 083 train loss 72.3005 costs 00: 00: 00
------------------------------------------------------
Runing Epoch 084 train loss 72.4837 costs 00: 00: 00
------------------------------------------------------
[Valid]: 
Precision:
 0.0668
0.0625
0.0542
0.0466 
Recall:
 0.0608
0.108
0.2184
0.3457 
NDCG:
 0.0811
0.0955
0.1333
0.1786 
MRR:
 0.1596
0.1721
0.179
0.1807
[Test]:  
Precision:
 0.0629
0.0564
0.046
0.0364 
Recall:
 0.1027
0.1735
0.3256
0.4788 
NDCG:
 0.093
0.1176
0.1691
0.2161 
MRR:
0.1572
0.1692
0.1765
0.178
Runing Epoch 085 train loss 72.1660 costs 00: 00: 05
------------------------------------------------------
Runing Epoch 086 train loss 71.8585 costs 00: 00: 00
------------------------------------------------------
Runing Epoch 087 train loss 71.2155 costs 00: 00: 00
------------------------------------------------------
Runing Epoch 088 train loss 71.3532 costs 00: 00: 00
------------------------------------------------------
Runing Epoch 089 train loss 70.9306 costs 00: 00: 00
------------------------------------------------------
[Valid]: 
Precision:
 0.0656
0.0611
0.0536
0.0462 
Recall:
 0.0611
0.1064
0.2182
0.3441 
NDCG:
 0.0788
0.0925
0.1309
0.1757 
MRR:
 0.1533
0.1652
0.1726
0.1742
[Test]:  
Precision:
 0.0614
0.056
0.0459
0.0364 
Recall:
 0.1008
0.1739
0.3276
0.4789 
NDCG:
 0.0893
0.115
0.1671
0.2137 
MRR:
0.1498
0.1622
0.1695
0.1711
Runing Epoch 090 train loss 70.7551 costs 00: 00: 05
------------------------------------------------------
Runing Epoch 091 train loss 69.9350 costs 00: 00: 00
------------------------------------------------------
Runing Epoch 092 train loss 70.8150 costs 00: 00: 00
------------------------------------------------------
Runing Epoch 093 train loss 70.0375 costs 00: 00: 00
------------------------------------------------------
Runing Epoch 094 train loss 69.7869 costs 00: 00: 00
------------------------------------------------------
[Valid]: 
Precision:
 0.0653
0.0614
0.0537
0.0461 
Recall:
 0.0595
0.1064
0.2147
0.341 
NDCG:
 0.0784
0.0928
0.1301
0.1749 
MRR:
 0.1538
0.166
0.1732
0.1748
[Test]:  
Precision:
 0.0619
0.056
0.0458
0.0364 
Recall:
 0.1003
0.1725
0.323
0.4764 
NDCG:
 0.0907
0.1157
0.1669
0.2141 
MRR:
0.1531
0.1651
0.1725
0.174
Runing Epoch 095 train loss 69.2630 costs 00: 00: 05
------------------------------------------------------
Runing Epoch 096 train loss 69.2029 costs 00: 00: 00
------------------------------------------------------
Runing Epoch 097 train loss 69.2366 costs 00: 00: 00
------------------------------------------------------
Runing Epoch 098 train loss 69.1458 costs 00: 00: 00
------------------------------------------------------
Runing Epoch 099 train loss 68.8265 costs 00: 00: 00
------------------------------------------------------
------------------
Exiting from training early
======================================================
End. Best Epoch 080 
[Valid]: 
Precision:
 0.0654
0.0618
0.0541
0.0467 
Recall:
 0.0611
0.1093
0.2216
0.3475 
NDCG:
 0.0804
0.0953
0.134
0.1792 
MRR:
 0.1599
0.1724
0.1796
0.1811
[Test]:  
Precision:
 0.0632
0.0566
0.0459
0.0364 
Recall:
 0.1041
0.1771
0.3278
0.4804 
NDCG:
 0.0932
0.1186
0.1696
0.2166 
MRR:
0.1552
0.1672
0.1744
0.176
End time:  2023-06-10 17:03:27
args: Namespace(batch_size=400, cuda=True, data_path='./datasets/', dataset='ml-1m_noisy', dims='[1000]', emb_size=10, epochs=1000, gpu='1', log_name='log', lr=0.0001, mean_type='x0', noise_max=0.02, noise_min=0.0001, noise_scale=0.1, noise_schedule='linear-var', norm=False, reweight=True, round=1, sampling_noise=False, sampling_steps=0, save_path='./saved_models/', steps=100, time_type='cat', topN='[10, 20, 50, 100]', tst_w_val=False, w_max=1.0, w_min=0.1, weight_decay=0.0)
Starting time:  2023-06-10 17:03:29
user num: 5949
item num: 3494
data ready.
models ready.
Number of all parameters: 7002604
Start training...
/home/lcur2470/.conda/envs/rs/lib/python3.8/site-packages/torch/utils/data/dataloader.py:554: UserWarning: This DataLoader will create 4 worker processes in total. Our suggested max number of worker in current system is 3, which is smaller than what this DataLoader is going to create. Please be aware that excessive worker creation might get DataLoader running slow or even freeze, lower the worker number to avoid potential slowness/freeze if necessary.
  warnings.warn(_create_warning_msg(
Runing Epoch 001 train loss 232.5379 costs 00: 00: 01
------------------------------------------------------
Runing Epoch 002 train loss 237.3480 costs 00: 00: 00
------------------------------------------------------
Runing Epoch 003 train loss 217.4001 costs 00: 00: 00
------------------------------------------------------
Runing Epoch 004 train loss 202.0588 costs 00: 00: 00
------------------------------------------------------
[Valid]: 
Precision:
 0.0343
0.035
0.0328
0.0302 
Recall:
 0.0279
0.0549
0.1174
0.1995 
NDCG:
 0.0389
0.0479
0.0691
0.0969 
MRR:
 0.084
0.0947
0.1012
0.1033
[Test]:  
Precision:
 0.0341
0.0326
0.0275
0.0225 
Recall:
 0.0481
0.0878
0.1721
0.267 
NDCG:
 0.046
0.06
0.0895
0.119 
MRR:
0.0879
0.0972
0.1035
0.1055
Runing Epoch 005 train loss 191.2448 costs 00: 00: 06
------------------------------------------------------
Runing Epoch 006 train loss 182.3435 costs 00: 00: 00
------------------------------------------------------
Runing Epoch 007 train loss 174.2042 costs 00: 00: 00
------------------------------------------------------
Runing Epoch 008 train loss 165.8185 costs 00: 00: 00
------------------------------------------------------
Runing Epoch 009 train loss 159.3119 costs 00: 00: 00
------------------------------------------------------
[Valid]: 
Precision:
 0.035
0.035
0.0343
0.0318 
Recall:
 0.0298
0.0565
0.1261
0.2132 
NDCG:
 0.0413
0.05
0.0739
0.1036 
MRR:
 0.0906
0.1013
0.1085
0.1105
[Test]:  
Precision:
 0.035
0.0336
0.029
0.0243 
Recall:
 0.0508
0.0923
0.1875
0.2946 
NDCG:
 0.0485
0.0633
0.0962
0.1296 
MRR:
0.0925
0.1028
0.1096
0.1116
Runing Epoch 010 train loss 152.2516 costs 00: 00: 06
------------------------------------------------------
Runing Epoch 011 train loss 146.2261 costs 00: 00: 00
------------------------------------------------------
Runing Epoch 012 train loss 140.7940 costs 00: 00: 00
------------------------------------------------------
Runing Epoch 013 train loss 135.7807 costs 00: 00: 00
------------------------------------------------------
Runing Epoch 014 train loss 131.2517 costs 00: 00: 00
------------------------------------------------------
[Valid]: 
Precision:
 0.035
0.0349
0.0353
0.0339 
Recall:
 0.0318
0.062
0.1366
0.2388 
NDCG:
 0.0418
0.0518
0.0783
0.1132 
MRR:
 0.0899
0.1012
0.1092
0.1113
[Test]:  
Precision:
 0.0349
0.0337
0.0304
0.0265 
Recall:
 0.0555
0.101
0.2067
0.338 
NDCG:
 0.0499
0.0668
0.1037
0.1438 
MRR:
0.0904
0.1011
0.1088
0.111
Runing Epoch 015 train loss 126.6706 costs 00: 00: 06
------------------------------------------------------
Runing Epoch 016 train loss 125.2395 costs 00: 00: 00
------------------------------------------------------
Runing Epoch 017 train loss 119.9129 costs 00: 00: 00
------------------------------------------------------
Runing Epoch 018 train loss 117.6359 costs 00: 00: 00
------------------------------------------------------
Runing Epoch 019 train loss 113.6246 costs 00: 00: 00
------------------------------------------------------
[Valid]: 
Precision:
 0.0349
0.035
0.0353
0.0344 
Recall:
 0.0345
0.0658
0.1447
0.2535 
NDCG:
 0.042
0.0528
0.0807
0.1178 
MRR:
 0.0871
0.0986
0.1068
0.1091
[Test]:  
Precision:
 0.035
0.0339
0.0312
0.0274 
Recall:
 0.0597
0.1072
0.2218
0.3597 
NDCG:
 0.0514
0.0695
0.1094
0.1514 
MRR:
0.0904
0.1017
0.1097
0.1119
Runing Epoch 020 train loss 111.2655 costs 00: 00: 06
------------------------------------------------------
Runing Epoch 021 train loss 109.1782 costs 00: 00: 00
------------------------------------------------------
Runing Epoch 022 train loss 106.9007 costs 00: 00: 00
------------------------------------------------------
Runing Epoch 023 train loss 105.6914 costs 00: 00: 00
------------------------------------------------------
Runing Epoch 024 train loss 102.0370 costs 00: 00: 00
------------------------------------------------------
[Valid]: 
Precision:
 0.0339
0.0345
0.0355
0.0347 
Recall:
 0.0355
0.068
0.1511
0.2656 
NDCG:
 0.0412
0.0527
0.0825
0.1212 
MRR:
 0.0852
0.0972
0.1057
0.1078
[Test]:  
Precision:
 0.0348
0.0342
0.0321
0.0281 
Recall:
 0.0624
0.1143
0.2408
0.3831 
NDCG:
 0.0516
0.0713
0.1146
0.158 
MRR:
0.0905
0.1023
0.1107
0.1129
Runing Epoch 025 train loss 100.7343 costs 00: 00: 06
------------------------------------------------------
Runing Epoch 026 train loss 98.1028 costs 00: 00: 00
------------------------------------------------------
Runing Epoch 027 train loss 97.1561 costs 00: 00: 00
------------------------------------------------------
Runing Epoch 028 train loss 96.0528 costs 00: 00: 00
------------------------------------------------------
Runing Epoch 029 train loss 93.4521 costs 00: 00: 00
------------------------------------------------------
[Valid]: 
Precision:
 0.0341
0.0342
0.0355
0.0348 
Recall:
 0.0366
0.0682
0.1572
0.2755 
NDCG:
 0.0416
0.0529
0.0843
0.124 
MRR:
 0.0842
0.0959
0.1046
0.1069
[Test]:  
Precision:
 0.0354
0.0347
0.0325
0.0287 
Recall:
 0.0652
0.118
0.2487
0.3984 
NDCG:
 0.0525
0.0727
0.1173
0.1627 
MRR:
0.0888
0.1008
0.1095
0.1117
Runing Epoch 030 train loss 92.7464 costs 00: 00: 06
------------------------------------------------------
Runing Epoch 031 train loss 91.4213 costs 00: 00: 00
------------------------------------------------------
Runing Epoch 032 train loss 91.1164 costs 00: 00: 00
------------------------------------------------------
Runing Epoch 033 train loss 89.3506 costs 00: 00: 00
------------------------------------------------------
Runing Epoch 034 train loss 87.7659 costs 00: 00: 00
------------------------------------------------------
[Valid]: 
Precision:
 0.0321
0.0333
0.0348
0.0344 
Recall:
 0.0366
0.0695
0.1581
0.278 
NDCG:
 0.0396
0.0517
0.0832
0.1233 
MRR:
 0.079
0.0908
0.0998
0.1021
[Test]:  
Precision:
 0.0353
0.0346
0.0326
0.0287 
Recall:
 0.0671
0.1223
0.2559
0.4063 
NDCG:
 0.0532
0.074
0.1194
0.1651 
MRR:
0.0879
0.1
0.1087
0.1108
Runing Epoch 035 train loss 86.2082 costs 00: 00: 06
------------------------------------------------------
Runing Epoch 036 train loss 86.2941 costs 00: 00: 00
------------------------------------------------------
Runing Epoch 037 train loss 84.6518 costs 00: 00: 00
------------------------------------------------------
Runing Epoch 038 train loss 84.2125 costs 00: 00: 00
------------------------------------------------------
Runing Epoch 039 train loss 82.5635 costs 00: 00: 00
------------------------------------------------------
[Valid]: 
Precision:
 0.033
0.0337
0.0347
0.0343 
Recall:
 0.0383
0.0708
0.1622
0.2814 
NDCG:
 0.0413
0.0532
0.0851
0.1251 
MRR:
 0.082
0.0938
0.1028
0.105
[Test]:  
Precision:
 0.0361
0.0349
0.0332
0.0288 
Recall:
 0.0697
0.1247
0.2649
0.4142 
NDCG:
 0.055
0.0758
0.1231
0.1683 
MRR:
0.0908
0.1026
0.1114
0.1136
Runing Epoch 040 train loss 82.5777 costs 00: 00: 06
------------------------------------------------------
Runing Epoch 041 train loss 81.8561 costs 00: 00: 00
------------------------------------------------------
Runing Epoch 042 train loss 81.3539 costs 00: 00: 00
------------------------------------------------------
Runing Epoch 043 train loss 79.9353 costs 00: 00: 00
------------------------------------------------------
Runing Epoch 044 train loss 79.8877 costs 00: 00: 00
------------------------------------------------------
[Valid]: 
Precision:
 0.0327
0.0337
0.0349
0.0345 
Recall:
 0.0381
0.072
0.1646
0.285 
NDCG:
 0.041
0.0534
0.086
0.1264 
MRR:
 0.0816
0.0935
0.1025
0.1048
[Test]:  
Precision:
 0.0366
0.0354
0.033
0.0289 
Recall:
 0.0712
0.1279
0.2676
0.4179 
NDCG:
 0.0556
0.0768
0.1237
0.1693 
MRR:
0.091
0.1028
0.1116
0.1139
Runing Epoch 045 train loss 78.2552 costs 00: 00: 06
------------------------------------------------------
Runing Epoch 046 train loss 78.0882 costs 00: 00: 00
------------------------------------------------------
Runing Epoch 047 train loss 77.7764 costs 00: 00: 00
------------------------------------------------------
Runing Epoch 048 train loss 76.7861 costs 00: 00: 00
------------------------------------------------------
Runing Epoch 049 train loss 76.2579 costs 00: 00: 00
------------------------------------------------------
[Valid]: 
Precision:
 0.0321
0.0335
0.0349
0.0345 
Recall:
 0.0377
0.0724
0.1676
0.2895 
NDCG:
 0.0406
0.0533
0.0865
0.1273 
MRR:
 0.0814
0.0938
0.1029
0.1052
[Test]:  
Precision:
 0.0355
0.0349
0.0333
0.0289 
Recall:
 0.07
0.1284
0.2727
0.4236 
NDCG:
 0.0545
0.0764
0.1247
0.1702 
MRR:
0.0886
0.1005
0.1097
0.1118
Runing Epoch 050 train loss 75.0394 costs 00: 00: 06
------------------------------------------------------
Runing Epoch 051 train loss 75.1014 costs 00: 00: 00
------------------------------------------------------
Runing Epoch 052 train loss 74.1411 costs 00: 00: 00
------------------------------------------------------
Runing Epoch 053 train loss 74.1916 costs 00: 00: 00
------------------------------------------------------
Runing Epoch 054 train loss 73.4535 costs 00: 00: 00
------------------------------------------------------
[Valid]: 
Precision:
 0.0323
0.0337
0.0351
0.0341 
Recall:
 0.0383
0.0731
0.1675
0.2878 
NDCG:
 0.0409
0.0538
0.087
0.1269 
MRR:
 0.081
0.0932
0.1025
0.1047
[Test]:  
Precision:
 0.0369
0.0353
0.0329
0.0288 
Recall:
 0.0751
0.1312
0.2707
0.4249 
NDCG:
 0.0572
0.0784
0.1253
0.1714 
MRR:
0.0911
0.1026
0.1115
0.1138
Runing Epoch 055 train loss 72.8174 costs 00: 00: 06
------------------------------------------------------
Runing Epoch 056 train loss 72.7791 costs 00: 00: 00
------------------------------------------------------
Runing Epoch 057 train loss 71.6085 costs 00: 00: 00
------------------------------------------------------
Runing Epoch 058 train loss 70.8920 costs 00: 00: 00
------------------------------------------------------
Runing Epoch 059 train loss 71.5610 costs 00: 00: 00
------------------------------------------------------
[Valid]: 
Precision:
 0.0317
0.0331
0.0347
0.034 
Recall:
 0.0388
0.0732
0.1682
0.2905 
NDCG:
 0.0401
0.0529
0.0863
0.1267 
MRR:
 0.0788
0.0909
0.1002
0.1025
[Test]:  
Precision:
 0.0359
0.0354
0.0327
0.0289 
Recall:
 0.0726
0.131
0.2719
0.4304 
NDCG:
 0.0549
0.0772
0.1241
0.1715 
MRR:
0.0866
0.0988
0.1075
0.1099
Runing Epoch 060 train loss 70.8875 costs 00: 00: 05
------------------------------------------------------
Runing Epoch 061 train loss 70.6227 costs 00: 00: 00
------------------------------------------------------
Runing Epoch 062 train loss 69.5675 costs 00: 00: 00
------------------------------------------------------
Runing Epoch 063 train loss 69.4903 costs 00: 00: 00
------------------------------------------------------
Runing Epoch 064 train loss 68.8463 costs 00: 00: 00
------------------------------------------------------
[Valid]: 
Precision:
 0.032
0.0328
0.0343
0.0339 
Recall:
 0.0381
0.0723
0.1658
0.2921 
NDCG:
 0.0402
0.0526
0.0855
0.1269 
MRR:
 0.0789
0.091
0.1002
0.1026
[Test]:  
Precision:
 0.0357
0.035
0.0328
0.0288 
Recall:
 0.0716
0.1312
0.272
0.4306 
NDCG:
 0.0553
0.0776
0.1249
0.1718 
MRR:
0.0875
0.0995
0.1085
0.1108
Runing Epoch 065 train loss 68.4624 costs 00: 00: 06
------------------------------------------------------
Runing Epoch 066 train loss 68.4865 costs 00: 00: 00
------------------------------------------------------
Runing Epoch 067 train loss 67.3403 costs 00: 00: 00
------------------------------------------------------
Runing Epoch 068 train loss 67.7148 costs 00: 00: 00
------------------------------------------------------
Runing Epoch 069 train loss 67.4904 costs 00: 00: 00
------------------------------------------------------
[Valid]: 
Precision:
 0.0316
0.0324
0.0346
0.034 
Recall:
 0.038
0.0716
0.168
0.2927 
NDCG:
 0.0401
0.0524
0.0864
0.1274 
MRR:
 0.0792
0.0912
0.1006
0.1029
[Test]:  
Precision:
 0.0352
0.0352
0.033
0.0291 
Recall:
 0.0713
0.1327
0.2734
0.4336 
NDCG:
 0.0548
0.078
0.1253
0.173 
MRR:
0.0872
0.0999
0.1087
0.1111
Runing Epoch 070 train loss 66.4300 costs 00: 00: 06
------------------------------------------------------
Runing Epoch 071 train loss 66.7546 costs 00: 00: 00
------------------------------------------------------
Runing Epoch 072 train loss 66.2395 costs 00: 00: 00
------------------------------------------------------
Runing Epoch 073 train loss 66.0149 costs 00: 00: 00
------------------------------------------------------
Runing Epoch 074 train loss 65.8254 costs 00: 00: 00
------------------------------------------------------
[Valid]: 
Precision:
 0.0314
0.0328
0.0342
0.0337 
Recall:
 0.0374
0.0721
0.1663
0.2905 
NDCG:
 0.0402
0.0529
0.086
0.1269 
MRR:
 0.081
0.093
0.1024
0.1047
[Test]:  
Precision:
 0.0358
0.0347
0.0326
0.0288 
Recall:
 0.0723
0.1298
0.2712
0.4316 
NDCG:
 0.0552
0.0767
0.124
0.1716 
MRR:
0.0871
0.0991
0.108
0.1104
Runing Epoch 075 train loss 65.3324 costs 00: 00: 05
------------------------------------------------------
Runing Epoch 076 train loss 64.9635 costs 00: 00: 00
------------------------------------------------------
Runing Epoch 077 train loss 64.7799 costs 00: 00: 00
------------------------------------------------------
Runing Epoch 078 train loss 64.5162 costs 00: 00: 00
------------------------------------------------------
Runing Epoch 079 train loss 64.4621 costs 00: 00: 00
------------------------------------------------------
------------------
Exiting from training early
======================================================
End. Best Epoch 060 
[Valid]: 
Precision:
 0.0317
0.0331
0.0347
0.034 
Recall:
 0.0388
0.0732
0.1682
0.2905 
NDCG:
 0.0401
0.0529
0.0863
0.1267 
MRR:
 0.0788
0.0909
0.1002
0.1025
[Test]:  
Precision:
 0.0359
0.0354
0.0327
0.0289 
Recall:
 0.0726
0.131
0.2719
0.4304 
NDCG:
 0.0549
0.0772
0.1241
0.1715 
MRR:
0.0866
0.0988
0.1075
0.1099
End time:  2023-06-10 17:05:58
