Data shape: (1184, 5, 10)
Calculating M-PHATE...
  Calculating multislice kernel...
  Calculated multislice kernel in 4.58 seconds.
  Calculating graph and diffusion operator...
    Calculating landmark operator...
      Calculating SVD...
      Calculated SVD in 2.06 seconds.
      Calculating KMeans...
      Calculated KMeans in 6.12 seconds.
    Calculated landmark operator in 10.94 seconds.
  Calculated graph and diffusion operator in 11.14 seconds.
  Running PHATE on precomputed affinity matrix with 5920 observations.
  Calculating optimal t...
    Automatically selected t = 34
  Calculated optimal t in 9.82 seconds.
  Calculating diffusion potential...
  Calculated diffusion potential in 3.77 seconds.
  Calculating metric MDS...
  Calculated metric MDS in 64.33 seconds.
Calculated M-PHATE in 93.65 seconds.
/home/lcur2420/.conda/envs/rs/lib/python3.8/site-packages/sklearn/manifold/_mds.py:299: FutureWarning: The default value of `normalized_stress` will change to `'auto'` in version 1.4. To suppress this warning, manually set the value of `normalized_stress`.
  warnings.warn(
m-PHATE done
Plotting ...
